0220nicole.out
12numaraorg.out
_1WayKi.out
1zo__.out
44II4.out
abscbnsports.out
ActualidadRT.out
adage.out
AFP.out
ahorapodemos.out
AJENews.out
akhbar.out
akoposimarcelo.out
AlArabiya_EGY.out
AlArabiya.out
aletihadae.out
_AllNike_.out
AlMayadeenNews.out
applenws.out
arstechnica.out
asahi.out
AseerLove10.out
AskPlayStation.out
AS_Monaco.out
ASOS.out
atvcomtr.out
BaeFeeling.out
_Bakhora.out
bbcbrasil.out
BCc1978.out
bharianmy.out
Bisniscom.out
BlogdoNoblat.out
BobVila.out
Bolanet.out
Bootsy_Collins.out
British_Airways.out
BRKsEDU.out
bsindia.out
BuyDotExpress.out
CaioFAbreuCitou.out
_CamzJergui97.out
CanadiensMTL.out
CanalFox_la.out
CaptainAmerica.out
Carabdechile.out
catracalivre.out
CBSSports.out
citizentvkenya.out
CiudadBizarra.out
CollegeHumor.out
Country_Words.out
dakarakoso.out
Daminous_Purity.out
DDNewsLive.out
Diario_Libre.out
DiarioOle.out
diariopanorama.out
DichoDeLaAbuela.out
DJPROSTYLE.out
dna.out
Dodgers.out
DrAsa.out
DRUDGE_REPORT.out
DunkinDonuts.out
EFEnoticias.out
EH3H.out
ELLEfashion.out
elmostrador.out
EmisorasUnidas.out
esoterica.out
ESPNagora.out
espn.out
etnow.out
FactsAboutBoys.out
FaisalAbuthnain.out
fanatikcomtr.out
Football_ID.out
Footy_Jokes.out
Foro_TV.out
FoxSports_br.out
FOXSportsMX.out
futpicante.out
geoff_deweaver.out
gmanewsbreaking.out
GMEAgency.out
GobCDMX.out
gshow.out
h3mti.out
h9797.out
HarvardHealth.out
HP.out
HurriyetKelebek.out
IndosiarID.out
InspowerMinds.out
IScriggle.out
itele.out
JawalWatani.out
jeff_gluck.out
jeremstar.out
jimcramer.out
Jimparedes.out
joelrossradio.out
JonahLupton.out
joshingstern.out
JournalDuGeek.out
KaskusBerita.out
KathCLeSage.out
Katrin_Salmani.out
KavonR5.out
Kayy_Robbb.out
KbTheGreat.out
KeepMyCoat.out
KeithLeBlanc63.out
Kelt_Bio.out
KelvinOfficial_.out
KenGermanicus.out
kenichiromogi.out
KennedyLang__.out
KennethDcoles.out
Kerstin_Lis.out
KeswickPinhead.out
KeyPrinciples.out
Khalil_Swayne.out
Kick_Buttawaski.out
Kieradirtie6.out
Kiexd0ll.out
KillaAlmighty.out
Kindred_Jobs.out
KingMegaton.out
KingMien01.out
Kismetbenmisim.out
KizzleEscobar.out
Kkiakiah.out
Klevi__.out
KmtzEric.out
KnowledgeSnap.out
KnudsenColleen.out
Kohinata_UzNyan.out
KolkataInsider.out
Kotori613473591.out
KovaiNews.out
KristiIA.out
KrizzyFollman.out
Kromorine.out
Ksiusha_777.out
KTNKenya.out
KueblerSusan.out
Kujawski_.out
KwtnewsQ8.out
KxngR.out
KyroUchiha.out
Kywaaaaa.out
L1VID.out
LaboureMoi.out
Ladiesfirst_uk.out
Ladybetlifestyl.out
LadyOfFrost.out
LaiOSPromo.out
LakeNormanRE.out
Lantern_pumpkin.out
LasVegasNvBlog.out
Laurence_Zl.out
Laurrrrraaaa_.out
Lav_7i.out
LawdWiley.out
LayBaggins.out
LazyBoiSam.out
LCellini.out
LContehBoxing.out
LearnFromGod.out
LeButtery.out
LeftyLucky_.out
Legendary_CSGO.out
LEMONONIKA.out
LeoJTravis10.out
lesinrocks.out
Le_SleazyGarcon.out
LeslieDOwens.out
LEXPRESS.out
Lexximaariee.out
Lexx_X4.out
LFCNews.out
LforLadonte.out
Lia_Monay.out
LibbyRafferty.out
LiberalNavySeal.out
LiesesMarryHK.out
liferdefempire.out
LightninggLex.out
LIKE69077445.out
LiLDunkinMarko.out
LilGreenWolf.out
Lilly_Jnes.out
LilShaq20.out
LimorElbaz.out
Limoz_1509.out
LINCPAL.out
Lisamar65096873.out
LisKis93.out
LitigationEdge.out
Live_for_Mocho.out
LiveSmart.out
LocalSugarTX.out
LocoCravey.out
Lokinha1221.out
lolesports.out
Lolo_frehat.out
LonaMag_.out
Lo_Namath.out
LondonLoubies.out
LondonPartyApp.out
LordComet.out
Lory_Marquez.out
LosAngelesSRH.out
LouHazHome.out
LoveSladam.out
LowIQs.out
Lromine075.out
LuckyPreeti10.out
Lucrecia_Nao.out
Lujain1_ksa.out
LUL1GHT.out
LullYaya.out
Luminaries7.out
Luminous__Coups.out
LuuxuryLiifee.out
LuxuryBloggg.out
LwandoMaku.out
LyftFans.out
Lynda143143.out
LyndaYBaker.out
M2THEBLAQ.out
MadisonWIBuzz.out
MaevaAapolin.out
MAGr8A.out
Maher_Sala7.out
MahiMahiKaworu.out
Mahmmm0ud_baadr.out
MahmoudSebh.out
Majed_ALfagham.out
MajedBA_.out
Makai2k.out
Makati94.out
MAK_RTs.out
MaleiaE3.out
M_AlKhashtii.out
Mallika00853159.out
M_Althe.out
Mandari25733571.out
MandyTsFan.out
Manju_Hegade.out
Margaret4u.out
MarieCurieTwits.out
MarinoKadame.out
MaritalIntel.out
Mark3Ds.out
Markas_Judi.out
MarkBeacham.out
MarkBraithwait2.out
MarkEmblox.out
MarleneBlckwntr.out
Maroonsista.out
MarvelousIRL.out
MaryMarybrogdon.out
MaryPat822.out
Marzz_x_.out
masdar_saudi.out
MAS.out
Massy_DeeJay.out
MastanNayak.out
Mastermind_Kris.out
MatchesBalone.out
Mathematics1001.out
MatthewMaggert.out
MattLegit10.out
MayaInTheSkyah.out
Mayank29Gupta.out
MaYaR50142060.out
MayarSadiq.out
MaYsk_GZ.out
MayWardonly.out
MbakDesiBPN.out
MbakDesiJakarta.out
MBCinaWeek.out
mbcmasr.out
MBCNetTweets.out
MCcentricity.out
Mcrvin.out
MDDOLLZ.out
MDNHOUSTON.out
MDouHawk.out
MechWarriorNY.out
Medi1TV.out
MedoGmiii.out
MelissaHoughto6.out
Mel_it_hing.out
MelodyEmanuel.out
MemorialCareers.out
MennaTarek167.out
MeNoHABLA.out
MeraBeee_.out
meralco.out
MEspinozaMoron.out
METALSHOPROCKS.out
METflash.out
MexWORD.out
MfanaWeKhalad.out
MG92_2.out
MGobohito.out
MGTCandidates.out
MgwvMia.out
MH1248.out
MiAmorEnLetras.out
MichaelH_rley.out
Michael_Vasanth.out
michellemalkin.out
MidCityAce.out
MightBeReign.out
MigMyMan.out
MiguelChin1.out
MIjekybo.out
MikeHunt0e.out
MikeMKaranja.out
MikiaKS.out
Mikoletz21.out
MiLoveEsposito.out
MILTEADEZXkris_.out
MINACHAEYU.out
MiniMealingxo.out
Min_t7683.out
Mireya_Sinegal.out
MissxAbarth.out
MisterIyanu.out
MistressDate.out
MitsueMitsu.out
Mittens39.out
M_Jackson1v.out
MJKellySmith.out
MJoyce2244.out
MJShircliff.out
MjxJu.out
MLBNetwork.out
MLMLeaderz.out
MmaQarat.out
MMAStore1v.out
MMWOnline.out
MoatzMagdy.out
mobile_81.out
MobileLizard.out
MOCHlDASATOSHl.out
ModernOwners.out
MODIfyingBHARAT.out
ModjajiTen.out
Mohamme11055316.out
MoiiAhmed.out
Moj_kobe.out
Molynauschwitz.out
MoMoinfinity11.out
Mondoholic.out
MoneyBaggGee.out
Money_Bux.out
Moneyy_Sha.out
MonsieurFahd.out
MonsterVlogsYT.out
Morgpart2.out
MoriartyLab.out
Motorcyclerblr.out
MrBlh56.out
MRfanFball.out
MrMedMed.out
MrMileHighKlub.out
MSDTechNews.out
MsginsanKaur.out
Ms_JessYL.out
Ms_KokiM.out
MSNBC.out
MSueberg.out
Mtgalitan.out
MTV.out
MuCancri10.out
Muhammad_MS_.out
MuhammedKhloud.out
Muhnky.out
Mukt_Mann.out
Mulattogy.out
Muntaha_97.out
MusicaHoyTop.out
MusicBattleNOW.out
MustSeeDeals.out
Mut11m.out
MVCaptain_Ana.out
MyBrainOnMusiK.out
MYEYECANDYSTYLE.out
Mygreatredmare.out
Myla_xo.out
MyLilWingz.out
MyRealTalkRadio.out
MyRedCouchShow.out
MzBluEMagiC.out
MzspellDena.out
N0tHuman__.out
NadaMFayed.out
NadiaNice_.out
NadyanaMagazine.out
NahuelFrances.out
Nameless_Coyote.out
Name_YellowRose.out
Namik_PaulFC.out
Namjai_sai.out
NanaMadlala.out
Nanashrew.out
NaniUncleSam.out
NanNimxx.out
Nanpyong.out
Nartist.out
Naruamon2.out
NASCAR_2017.out
NASDAQPlays.out
NashvilleRT.out
Nat311036Nat.out
natalie_mu.out
NatashaMonique_.out
Nate_Bovz.out
NateMiranda13.out
NatGeo_la.out
NatGeo.out
NathanMillion.out
Nava_Hindutva.out
Nayefbinj.out
NBAISHH.out
NBA.out
NBatoca.out
NeonVelvet1.out
Nerdspiracy.out
NesterTweets.out
NewLevel93.out
NEWS1_CHANNEL.out
Newsistio.out
Newstim83506660.out
NexiaBet.out
NFLObjectors.out
NFLonFOX.out
NGRNewspaper.out
NguyenKevin4.out
NHannony.out
NH_Hockey_12.out
NHL_Avalanche1.out
NHL_MapleLeafs1.out
NicaraguaBendit.out
Nickhockeycards.out
NicktheRuler__.out
NigeriaPropert2.out
NigeriaTodayNG.out
NikJamTheMan.out
NikkiKC79.out
NileFM.out
NimmoJan.out
Nissan__Xterra.out
NixAbyss.out
Njatl1d.out
NJTrumpWarrior.out
NLLLacrosseFans.out
Nlllx_.out
NNLYS.out
NodyWareth.out
NoellOliviaa.out
NoJusticia.out
NOLAbug38.out
NoNameRetweeter.out
NoNoodz.out
NordbergValerie.out
Nosaj_Rellim.out
NoticiasNewss.out
NotoriousLondon.out
Nour_ays.out
NoWordsForTurds.out
NrlQstnaa.out
NTAirServices.out
NuchVK.out
NuHumanNuEarth.out
NukkyziiSONE.out
NurKajurina__.out
NWDuval904.out
Nxaex.out
Nyaranyar.out
NylonMag.out
NYQUISTSNIPE.out
NYTHealth.out
nytimes.out
OaklandJazz.out
Obblomovv92.out
OfficialNaijaPR.out
OGTonyJ3000.out
Ohara_eBooks.out
Ohiomom6.out
Oilk_Land.out
OIRVO.out
OKA_Ryuhei.out
Okayselmz.out
Ola_Muhammed.out
OlegDemych1.out
OlGarmash.out
OliLuthor.out
OliviagreenFx.out
OlympedeGouges.out
OmarB_3.out
Omiya_Shinobu.out
OmVArvind.out
ONECampaign.out
Onefiveseconds_.out
OneReese_.out
OnkSbu_3.out
OnlineStore_Dev.out
Only1dodo.out
Onmyknees4Her.out
Ontario511.out
OpineSOCIAL.out
ORANGEBL3U3.out
OriginalDar.out
OriginalOffers.out
OriginalVader1.out
OsVersos.out
Otasia_barron.out
OTenant.out
OTJ_17.out
OTMGuys.out
OTO_Nato.out
Outcastsince94.out
Outlook.out
P45KR4NT5.out
PA4TRUMP2016.out
PaaKwas1.out
PabbySeseli.out
PalmosOnAIR.out
PampangaLizQuen.out
Panda_Linus.out
Pandy_RU.out
Pantyhose4U.out
PAPIBAILEY.out
PapoteMarquez.out
ParamountHV.out
ParisMatch.out
ParkerJThomas.out
PaulSchmehl.out
PaulWaldmiller.out
PavanPrabhas__.out
PawBoost.out
Payira.out
PayneZtmybqqucq.out
PBAMemes_PH.out
PBloggerNews.out
Pea_Shina.out
PEAT1994.out
PeekskillDV.out
Peer__Reviewer.out
PeggyLHorton.out
PegsRavioli.out
PelaDemocracia1.out
PeopleAlchemist.out
peoplestyle.out
PEPANOVA_RSA.out
PepaTiku.out
PepeMindset.out
Perfumotherapy.out
Perriesglory.out
Peter_affiliate.out
PetMikRan.out
PhD_femme.out
PhiebyCL26.out
PhilaEaglesMall.out
Philipdraws.out
PhineasUpham1.out
Pidanka.out
PiedPippen.out
PierreWirawan.out
PiizpamPz.out
Pimpinnn__.out
PinealTunes.out
PitiilanR.out
PlacidiJoe.out
PlanetaTamara.out
PlantasShoesUK.out
PLaYBoYKeNxX_2.out
PlayPins.out
PlumAlyssum.out
PMetysex.out
PMOIHeadline.out
PMorris153.out
Pochine_Teen.out
POLITIKEANDO_HN.out
Pon_Korea_0409.out
PopSci.out
PortalImparcial.out
Poysian_ps.out
Pp_Debs.out
Pploy2702.out
PracticeWithUs.out
PrairieDogFan.out
PraiseShop.out
PrancinProngs.out
PRbuffdotcom.out
PRENSA_HONDURAS.out
PressReleaseNG.out
PR_Harbiodinho.out
PriceSjrw5614.out
PrimerImpacto.out
PrincessDanooo.out
PrincessMiaa8.out
PrinceTradae.out
Principia.out
ProblemThang.out
ProjectInu.out
ProjectPupil.out
PrussianPrince1.out
PstmikmediaNEWS.out
PsychoPhemm.out
PUDDY_nLT.out
PupsherLive.out
PuravaPakash.out
Pure_prickle.out
Putianjnsftyna.out
PyzeInc.out
q8.out
QecinaJ.out
QHANews.out
QiQi_26.out
QKraljica.out
QueenMollyBones.out
Que_Nande.out
R1000_PILOT.out
R2naz.out
RadicalBreezyy.out
RafaelMorel11.out
RaghuKannan.out
RagnarVikingson.out
RahulanGenius.out
RaidGadgets.out
Rajendr76194898.out
Rakha_MER.out
RalfPendleton.out
Randdabbous.out
Randie_TJ.out
Ranzington.out
RashedOtaibi.out
Rate_Feet.out
Rattetytat.out
RavenK_.out
Ravlyoi.out
Rblnglftlarry.out
Reactics.out
RebootBill.out
RedWolfOfWords_.out
ReeferMcGee.out
Reemalqahtani_X.out
Refb_Mof.out
RefSRK18.out
Regi_MNT.out
reizonation.out
Rekeiji.out
RENewsChicago.out
REnsslin.out
republikaonline.out
ReSeanRussell.out
RetroResaleSD.out
Retweet_Now55.out
Reuters.out
Reverend_Banjo.out
RFAngel_Cealie.out
Rhinestonediva.out
RhiwrilSugar.out
RichardDrizzle.out
RichardTrubacek.out
RicheneNiRyle.out
Richgalarri.out
RICHI3RICH07.out
RichikaMaraj.out
RichSlate.out
RickDaRula_.out
RickyQuiones.out
RightRoyalRound.out
RikkiHernandez5.out
RileyPugalier.out
RillaCuthbert.out
RilwanLucas.out
Rinataka0306.out
RiveraRosalieG.out
Riya_skgem.out
Rizkiratya.out
RMTH99.out
RobertH01920864.out
ROCKSTARMIKE24.out
RogerWeasley.out
Rogue_Beaver.out
Ronaldoesquee.out
Roni4488.out
RonnieKRadio.out
RoryCross10.out
Rose2oo.out
RoxyBishell.out
RoyCampos.out
RPGmczAR.out
RreEdward.out
RRice27927.out
Rrttt10_.out
Rssuwaidi.out
RUBYPJL.out
Ruchir78.out
RudyKnaflic.out
RuthinOnline.out
Ruy977.out
S764xx.out
SaberKinniku.out
SaccharineBliss.out
Sadiesniece.out
Sadshrew.out
SaintKiaThe1st.out
Saleah_Nasear.out
SalftSamty.out
SallyJTaylor.out
SalmAbeer.out
SalmaMostafa791.out
S_alqubaisiya.out
SaltInMyTea.out
Sam87022448.out
Sammi2098.out
SamuelTBButler.out
SamyAngel40.out
SamyGioia.out
SanDiegoPuppies.out
SandraW50715978.out
Sapphyria.out
SarahKFetter.out
SarahWright323.out
SasDiamondSuite.out
SatyamVPSHost.out
SaudiConnected.out
SavvyChicksRule.out
SawyerBrittain.out
SaxonLynnArts.out
SB55Online.out
ScandalBook.out
SchoolBoy_JR.out
ScienceFan4.out
Scotpol1314.out
Scum_Lord69.out
ScumSinatra.out
SealTheGrace.out
SeekersJustice.out
Seethone.out
SemoHasn.out
SemperArgentum.out
Sena3a.out
SerendipitySays.out
Setnomessej.out
Seven_Crimes.out
Sex_composers.out
SEXYUNICORNNN.out
SFLReporter.out
Sha10n.out
ShadilayForever.out
ShadyPete.out
ShadySamir1982.out
Shahd84635778.out
ShahidsPakFC.out
ShainaGrace_.out
ShakerAmin.out
Shakshi_Shah.out
Shams49051.out
ShaneSm64147748.out
ShaniceLJ_.out
ShaqMitchell.out
Sharjawy_66.out
ShashankJaswal.out
ShawnsIdiot.out
She40_.out
SheBudgets.out
SheCameILeft.out
Shemoe.out
SheritaHoch.out
ShigDollaz.out
ShikiIRL.out
Shilpi311.out
SHINeeUSAForums.out
SHlNEY.out
Sh_M_Ahmad.out
Shmohhhh.out
ShookbyAlly.out
ShopDealers.out
ShowBizDeals.out
Shu29jais.out
ShutUpAli.out
ShyamP05.out
SibaiSb.out
Sihleh_Dlongolo.out
SiIent_Dreams.out
Silentmurdah33.out
Silver_Sakura04.out
SilverSummerSun.out
Sim0nRD.out
SIN24Horas.out
SincerelyKyra.out
Sinful_Loveee.out
Singh111J.out
SissyGay6.out
SitUpfront.out
Sjibrin8.out
Ska2Dancehall.out
SkeletonSensei.out
SkullsTehOG.out
Slamahalq.out
SlickSamD.out
SLuGGiSH_SwaG_T.out
Smith11Vicki.out
SmolRileyx.out
SoccerKingJP.out
SOClALCLUB.out
So_deau11.out
SOGRRadio.out
SoKimmyy.out
SoldierzthtGame.out
Soledad1512.out
SoledadRanieri.out
SomaQz.out
Som_panan.out
Son_Of_A_Cad.out
SooFunnyPost.out
SOS_1313.out
SoSo_B_.out
Soundclashfever.out
SoundousseS.out
Sourabhprk.out
SoviExperience.out
SpacemanPete22.out
SpecReplay.out
SpeedHustle_com.out
SpinGoAL.out
Sportscrusader.out
Squadelujah.out
Sraaab100.out
S_rashash.out
SRGdUp.out
SS1PH_.out
SSJJay.out
SStrode.out
StacyJago.out
StanColemanRE.out
StanleyPanama.out
StannardElsa.out
StAnthonySAINTS.out
stargazete.out
staronline.out
SteamDevelopers.out
Steephiee_m.out
StefaniGaga0328.out
StephaniePf13.out
Stephbutta.out
Stephen80209.out
StjepanPOST.out
STK6705.out
StormTours.out
Stosh1049.out
Strawless_Prox.out
STRGG_.out
StrRamki.out
Studiodjip11.out
StueyMacD.out
SubyWill.out
Suck_my_Kittty.out
SueNieEngland.out
SUGAC0ATED.out
SugiereAnime.out
SullyKWP.out
Sumally_Trends.out
Sunil_nurture.out
Suntuary.out
Supernova_tash.out
SuperSportBlitz.out
SurgicalHero07.out
SusanStoneSalas.out
SweatyKeef.out
SWMegafan.out
SyedJunaidUlHaq.out
SyhmieRzmie.out
Sylv3on.out
T17Omoko.out
T6T__.out
Tabukimoto.out
Taehyunbae_.out
TaeraBear.out
Taiwan_Agent.out
talk2GLOBE.out
TannersOreos.out
Tassnim61382814.out
TasteChichester.out
TasteDundee.out
TasteLikeLov.out
TastePeterborou.out
Tayglo_.out
TBS_Broadcast.out
TeamBENLIE.out
TeamBonenzo.out
TEAMBRMUSIC.out
TeamJoaoBTNGS.out
TeamJoaoIloilo.out
TeamRehab25.out
TeamRussellPHL.out
TeamSuperAusIG.out
TechComPc.out
TechhFX.out
Teddypinderass.out
TEDTalks.out
Tehya_Jones_.out
Teito_TV.out
Telcel.out
Tenant_Finder.out
TennisNews0.out
Teralex4.out
TeresaMamaT.out
Terra_Nulius.out
TexasMusicClub.out
TexasNews2.out
TFerrandino.out
TFS_Wigan.out
ThatBoyKobby.out
ThatGuyDemi.out
ThatManGilmore.out
ThatRealMichaEl.out
ThatsFitih.out
ThatWeissGuy.out
TheAstroPub.out
TheBaghdadPostE.out
TheBlackGuyMalc.out
TheDaily_Web.out
TheEdgeSearch.out
THEENGLISHROSEX.out
TheGifLibrary.out
TheGreatKingLou.out
TheGuitarLoverX.out
TheHoodah.out
TheInPlayTipsta.out
TheMaddyNavarro.out
TheMaroonV.out
TheOnlyTrout.out
THEREALALLENOU.out
TheRealKwabena.out
TheRealMIGOSos.out
TheRedRHood.out
TheUkBulletin.out
TheUSAbulletin.out
ThirdWardSimz.out
ThisIsAbdulS.out
ThorneColleen.out
Thornsinside.out
ThoughtsByJae.out
Thrash94Gaming.out
Thriver2012.out
Tiaofprazzi.out
Tiara_lashawn_.out
TickerReport.out
TilburgNBNL.out
Tileiya.out
TimeForCrepes.out
timesofindia.out
TimesofNews.out
TirePeopleWorld.out
TJay_LS90.out
ToddToys.out
TofuJinki_.out
Toni_TooBad.out
TonySantanaZA.out
Tootsie72763736.out
TopDogPromos.out
ToriGalindoo.out
TotalTrafficROC.out
tr724com.out
TradingProdigy.out
Trailolizer.out
Travel1Jo.out
TravelNewCanada.out
TravisMFOX5.out
TrendkillRadio.out
TrendsParis.out
TretaMilitar.out
TrevorWAllman.out
TrigentSoftware.out
TrillInToronto.out
TristanDaTerror.out
TRN36FAN.out
TruckPlantParts.out
Trumpanista.out
TRUMPatrioTRUTH.out
TrumpsterTrash.out
TrutheBTolde.out
TruthsSerum.out
TruVoice30.out
TS_Claudi.out
Tshego_McTWiGGY.out
TsspdclCorporat.out
TuitMafia.out
Turkisaliaman.out
tvahaber.out
Tweeds01.out
_Twittei_.out
TWOINspeaks.out
TwoTwelvee.out
TyberZannxxxx.out
TylerPerformal.out
TyThaNegus_.out
UceqyzekoqG.out
Uchenna114.out
UFCMall.out
Ugly_Nigga_00.out
ukrpravda_news.out
Uloveray1.out
Umasenthil2.out
Umashankar35.out
UnaNotaConAmor.out
Uncle_Kae.out
Uncle_Moon215.out
UndergradEasier.out
UnkelFred.out
UNKHTrends.out
UNSW2012.out
USAncestors1636.out
USforFreedom.out
USHlTEN.out
USoulSurvivor.out
U_TI_CA.out
UttarandhraNow.out
UWmixradio.out
ValkyrieRising2.out
VancouverTopNws.out
Vashikarangurus.out
Vaziat.out
Veedramon.out
VGDealsRetroUK.out
VGDealsRetroUS.out
Vibezwemily.out
ViciconteOops.out
Victori35040270.out
VIDZSKY.out
VIRBOY21.out
VirginiaRetweet.out
Vivien_UK.out
VKF4Life.out
VodkaGothBitch.out
Vsomav__.out
VWCamperSales.out
VykidokN.out
Wade_Watch.out
Wael_Alhaili.out
WakeDispatch.out
Walt_Hamilton.out
WargullDeDragon.out
WarTaxResister.out
WatchlistN.out
WatchPornFree.out
WaterhousePat.out
Wayne66561612.out
WCFranklinTn.out
WeAreAudiotribe.out
Weaveyy.out
WeddingInspira.out
WeebTet.out
WeegiePatter.out
WeightLoss_Feed.out
WeightLossGive.out
Wendy_Phillips_.out
WeRalldoingtime.out
WesleyCoughlan.out
WestHamUtd.out
WestonDV.out
Westside_Nose.out
WeWantPrenups.out
Whaley9ja.out
Whitelove_DOO.out
WilliamPeace81.out
WiltyRachel.out
Winnysty5Horan.out
WIOMAX_VA.out
WISE_BOOKERS.out
WizDayTrader.out
WKNC881Playlist.out
WKRBNews.out
WLK_Joohyun.out
WLww9.out
WOBCCanada.out
Woh_ladka.out
Women4MAGA.out
WomensShoes6.out
WoodoPhoto.out
WoodyWoodturner.out
WordLinkECON.out
WordLinkTECH.out
Worldgaminn.out
WorldsBQs.out
WritersUSA.out
Writing_Robot.out
WSJ.out
WUYIPANES.out
WWhitness.out
WWunt.out
XanGangSGM.out
XboxSupport.out
XIlMIlX.out
XizetaLogan.out
XxJKs_.out
Yahboydaniel.out
YasirALrawas.out
YasminaElsaket.out
Yassinm38218294.out
YAvuvypef.out
Yay_Haaaanh.out
Yeah_ImBri.out
YeseniaVargas32.out
YGanop.out
Yingsari.out
YnenihyA.out
YongPh3.out
YonnyD_.out
YorubaWedding.out
Youlovemarje__.out
YoungOGenius.out
YoungstownOHrr.out
YouRockROCKS.out
YouWasMfWright.out
YqaxanaI.out
Yrlansrfiotis.out
YtalkiesLive.out
YuanCala.out
Yuii_Coming.out
Yumnadel.out
YungxLoss.out
YvesDarbouze.out
Yzeed_JT26.out
ZaaapZiaaall.out
Zaahnzibar.out
Zach_Baum.out
ZAPPADRY.out
ZariaaLioness.out
ZaYa4Life.out
ZebraCakezz.out
Zenoxx69.out
ZeSaiyan.out
ZeyadMuhamed86.out
ZindigoOnline.out
ZlXl7.out
Zohre125gaemi_R.out
ZumbTees.out
Zz1pp.out
