AbelmanMarkus.out
AlanHungover.out
arabqoute.out
BBCWorld.out
beINSPORTS_news.out
bobpockrass.out
BrewerVASocial.out
CapitalFMKenya.out
cilginyazar.out
DailyVibes_.out
davelackie.out
drjoyce_knudsen.out
elcosodelvisto.out
europapress.out
Gn0sh.out
HurriyetSpor.out
JantaKaReporter.out
kickstarter.out
landpsychology.out
La_SER.out
LesEchos.out
MoneyAffairs.out
Noti7Guatemala.out
OfficialCharice.out
prensa_libre.out
primiciasyacom.out
Ramon36069.out
rt__a4.out
Rt_allah.out
SinEmbargoMX.out
telediariomty.out
topstarnews.out
trecet.out
VanguardiaSon.out
WillMcAvoyACN.out
