01Starblazer.out
05e10ea102004a6.out
0613amasajj.out
0beseninja.out
0karena.out
0LoyLakes.out
0shagra.out
0XLADE.out
0zenvb.out
10021tech.out
1017mikev.out
101santosh1.out
1318mef.out
133e1cde26d54e2.out
1957AJB.out
1993Haajar.out
1blessedbee.out
1d5sosbandz.out
1_fs2.out
1losthillbilly.out
1lwii.out
1_TMF_.out
1USNews.out
213330.out
21i_x.out
238BEATS.out
24madoka_no1.out
25Aaaaa56.out
25Faahd.out
292347SA.out
2Dfaggot.out
2GOOLIVEE.out
2GunRock.out
2laaageez.out
30Rishu.out
360WisePhili.out
365Chicago.out
369doughnut.out
3ajel_pal.out
3AW693.out
3aybnee.out
3mory45.out
3NovicesChennai.out
411Innovations.out
48kaigai.out
4bassman2.out
4evrstardancer.out
4iEznT.out
4theloveofej.out
4Yahushua8.out
5745_aohige.out
59_kuri.out
5Harmony5h.out
5HDefenceBr.out
5Lirez.out
5mrCom.out
5o5a_K2.out
5STARVAs.out
60_omar.out
6bq9music.out
70s90s_JStream.out
7harip.out
7UAJ2N.out
8_samara.out
90s_fiend.out
911GOD.out
965ksom.out
9hylr.out
A0557618167.out
A1babez.out
a22a74_20.out
A3moraelasfar.out
a7mad_qasem.out
a7medalaa19.out
aaaaanko.out
aaaimat.out
Aaa_wse.out
aaliyahs_xo.out
AAlmahallawi.out
aaprajatsharma0.out
aarielh_.out
aashonaa.out
abberalll.out
ABC7News.out
Abdelr7man_Mgdy.out
abdelraahman_.out
ABDULLAH_ALADBI.out
abeer1249413909.out
abhijitathavale.out
abipluse.out
ablvckgoddess.out
abo7anfy57.out
abo_azozy.out
aboleyn.out
abo_reenad.out
AboSalem910.out
aboutnici.out
abrams_doug.out
AbsentiaItalia.out
abu07maeen.out
abufazza2.out
AbuMaya85.out
AccountantsInUK.out
a_co0116.out
aconnectedwoman.out
ActivevoiceH.out
Adebolaa_O.out
a_denicee.out
adgetf.out
AdheleidSalvat1.out
adjewodah.out
AdnanLaBanane.out
AdOre_Shay.out
adroitdolans.out
adtuvdt457.out
AdvoCindy.out
AEArtLaw.out
Aeroics_.out
AerotekJobs.out
AFacts4You.out
AFashionableMan.out
aflamandmore.out
africa_sport.out
Afternoon_Voice.out
AgapitoAlly.out
A_gbu_na.out
agntdanvers.out
agronskyswift.out
agsb_bilbao.out
aguapapiii.out
ahab99.out
ahgatse.out
A_H_Jokes.out
AhmadVoshagh.out
AhmdJoker74.out
Ai90698231.out
ailinxlopez.out
air1news.out
Airekarii.out
__Airi_TTK.out
airrescue112.out
AishaaaMarie.out
ajadayne.out
AJArabic.out
AJVash.out
ak4everak.out
akachica.out
AKAKing__.out
akaobi_7001.out
akbarchpani.out
akconservative9.out
akhbarlelnasher.out
aki0125s.out
a_k_l_l_v_l.out
AKMzimiser.out
ak_raviy.out
akvinchrist.out
AkwaIbomBabe.out
alalwe1.out
alamri553.out
alanahoff144.out
AlaneziSultan.out
alanistaliia.out
AlanJones_dv.out
albajo0or.out
albiepatatas.out
AlbosilyNd.out
AlchemistGira.out
ALDENPhRizal.out
ALDUBMATTERS.out
alejasolano.out
alen_luciana.out
AlexAlt97667905.out
alexand94767631.out
alexexpress24.out
alexgrn65.out
Alex_GroomSocks.out
alexisgrasty.out
AlexisWaverider.out
alexogundadegbe.out
AlexPowerUp.out
Alex_Webcams.out
AleyaWhaaatt.out
alfabriell.out
Alfanda_Kurnia.out
AlHashishim.out
AliaBhatt_NEWS.out
Alica73.out
alisvcxo.out
aliyahjayyyy.out
aljhon_padilla.out
_alj__.out
allgringo.out
ALL_HAIL_BIAFRA.out
AllHitRemixes.out
All_I_Roc_Iz_Jz.out
AllnightimezZ.out
AllTexasVinyl.out
alluringashleyy.out
almasarSports.out
alminas49.out
alondra_1237.out
AlphaCaelum45.out
alroomonsi.out
Alsahli_amt.out
ALSHOOG_ku.out
altaernate.out
AltcoinLiveBot.out
alton_kalgae.out
a_lutacontinua.out
alvarezarlene_.out
AlvinKoch.out
alyaly89770924.out
am0reno1.out
amalboom.out
amandasome.out
amateurcamslut.out
AmberOdycy.out
ambuuuuh.out
amelialaileeee.out
American__Made_.out
AmeriFirstTech.out
AmerlinaK.out
amirazakiiii.out
Amirmajedyasery.out
Amir_MAMR.out
AmOdunayo.out
AmorDeChinos.out
ampwncfc.out
amrabdallasale7.out
AmusedAnn.out
a_mzn3.out
_anaceliaa.out
analnirvana.out
AnalTeenagers.out
an_aneieun.out
anathemamelia.out
AnatomyMer93.out
AnawilaA.out
anaxaviwr.out
andrebuklaw.out
andreezvs.out
andrewbguy.out
AndrewMitchmax3.out
AndrewzNancyna.out
AndriErlingsson.out
Android_Updates.out
Androlizer.out
androworldnews.out
andy_wedge.out
aneesafiyah.out
an_elfff.out
angeeeeemayuyu.out
angeeelove.out
ANGEIHUB.out
angelaloveth1.out
Angelicanang.out
angelxfall.out
angiemc0907.out
aniapur_.out
animperialmarch.out
aninos_.out
anisazizan4shrt.out
Anish4Love.out
ANIUSHKA.out
anmarashi.out
ANMationbot.out
annakissed36.out
AnneGlenn74.out
Annette00159182.out
annietfirst.out
AnniMuswan.out
anniroyal007.out
annoyedraccoon.out
AnnValerie28.out
AnonOpBeastBot.out
Anonymous_API.out
anricyann.out
AntaniaShanae.out
AnthonyFJones.out
AnthonySonito10.out
ANTIeraisiconic.out
Anubhuti_dvn.out
anunturibiz.out
anyaccrazon.out
aom_abd_alaziz.out
APOLONIAPORN.out
appleNewsIn.out
AppsNewsNow.out
apreiskagilang.out
ApyquvumeJ.out
AP_ZeRooh.out
A_qaderALmotawa.out
AquariousMs.out
AquiEscorpiao.out
aquintinilla.out
AR2ROTOTO.out
AR3661.out
arabic_bible1.out
ArcaneChampion.out
ArcaneStylez.out
Archie_Bold.out
architects___.out
_architecture_d.out
ArchMaher.out
ARIANAGRANDE_1Q.out
AriannaRose___.out
ariessensen.out
AriyahV.out
ArkhamAlien.out
armamascarinas.out
armon_13.out
arne_0915.out
ArpieGomez.out
Arredo_italy.out
ArrestJK.out
ArsenalJives.out
arzillion.out
asdzaid.out
AshaLamba.out
AshraffJihadi.out
ashtinleighhh.out
Asiaaaaan_.out
asian2pornxxx.out
AsiaPacificNeus.out
Asifbaloch_.out
asimamdv.out
AskLizethCastro.out
AskZuri.out
aslam_khan_pk.out
AsnowflakeA.out
asshoon.out
astoldby_shy.out
A__Strategy.out
Astrobi7.out
asuEnglish.out
asuka_nct.out
AsukaSoryu_.out
asyadirakd.out
ataldetrouxeane.out
a_tal_ruiva.out
ata_pin.out
atheistProgress.out
atilladenizc.out
Atomicnmbr_AU79.out
ATSProcurement.out
ATVS_JakeNazar.out
AUDRON15.out
AudryT.out
AustinLimoGuide.out
AuthenticVie.out
AveryNJesmer.out
avinaba_mitra.out
AVUSD.out
Avvocata_Bella.out
AW___5_.out
AwesmoeB.out
awtaeil.out
axlslash77.out
axstheticth.out
Aya16087588.out
AyahWatelawah.out
aya_omi3.out
Aya__Tyulu.out
AyeBJNumeroUno.out
AyeMr_Foreman.out
AyeoRenaissance.out
AyeThatsSonnie_.out
aylinolmez_.out
ayluskrypka.out
AyooWilliam.out
ayyetai.out
ayyputeri.out
AyyyyeChris.out
AzeemAhmed8.out
AzudurI.out
azureanimator.out
babbit_janeway.out
BabeJustina.out
Babgonewild.out
BABIEXOO.out
babydol95921089.out
babykay1013.out
BadAssEvelyn.out
bad_blade.out
bad_indian_girl.out
BadUberX.out
baekhyunstrash.out
bagelburrito.out
BahadurHariOm.out
bakalice.out
BalelBauer.out
BallersDesire.out
baloneyblake.out
BalouchN2.out
BalqisNabilahA.out
BalramOm.out
BalrogDe.out
bangtanbeanz.out
bangtandictive.out
bangtan_india.out
BantySrkian.out
BanzettTammie.out
baoozislz.out
barbfeldon1.out
BarryKathyJ.out
BasedMAGA.out
Basheezus.out
basomlamjarred1.out
batflecktrash.out
batnath.out
Bayadar_ab.out
Bayern_mania.out
baygui.out
bbambam_1a.out
bbbygoo.out
BBCoachAlex.out
bbcworldfeed.out
BBoxM.out
bbykyw.out
bbyunfirsty.out
Bckrda.out
B_DeShun.out
beachcrazy70.out
beanieonjungie.out
bearbatove.out
beat2music.out
BecksterCorgiMT.out
BeerAlien.out
BeGreatBean.out
BEIKimco.out
BeingSalmanKh_.out
bellablue1060.out
bellarke_news.out
BellzWebster.out
beloved_wowwh.out
BembengVifters.out
benarchie.out
BenMontero36.out
benxmuhd.out
beosow.out
bestactor16.out
bethanne_132.out
beverlyNOTMYPRE.out
Bewith_MOMO.out
beyxalex.out
bh56jd921.out
bhatiasachin.out
BHTruth.out
BHULLAR_22_.out
Biancaaaag_.out
bia__tris.out
bibonix.out
BICONlC.out
Bieberstxttoos.out
BIGBANG7230.out
BIGBARNRADIO.out
BigBenG15.out
bigbootayhoes.out
Big_Boss_Flurb.out
bigbrothersim.out
bigdaddyhelga.out
bigfeetsneaks.out
BIGMONEYMETTA.out
bigpapasmurf16.out
BIGSWEIZY.out
billballentine.out
BillyJoel1v.out
bilmee.out
BinaryOptionEU.out
BiShi_KD.out
bisyarjombang.out
bitcheslovelucy.out
BiveMarivic.out
biyno.out
bizacco.out
Bizzeebobber.out
blackbullrt.out
BlackGhandi.out
BlackHistoryDMV.out
blackmxgnus.out
BLACKPINK_LIZA.out
BladeSama_.out
blahqdove.out
Blazefmradio.out
blessed_boyz.out
BlessingLorrain.out
BLM_CenFla.out
Blooming_India.out
BlossomingDohee.out
Blossum_L.out
Blue___7th4U.out
bluehazemay.out
bluelight8ph.out
bluelinerhockey.out
Bluex.out
BMUST123.out
BN_BEEN_.out
BN_BreakingNews.out
BobbySakaMusic.out
BobDylanMusics.out
bobesteez.out
BobOatesSewer.out
bobpoekert.out
bobthatback01.out
Bolaa_ID.out
bombayinformer.out
bondsnclescorts.out
BoniAXS.out
bonnieblue719.out
Bonnietarin.out
boogiesworld1.out
boogwiggin.out
BoogWinchester.out
bookiebash_uk.out
_books16.out
BoomersAreEvil.out
BOOOMSHAKABOOOM.out
bootaefly.out
Boothie68.out
born2hareb.out
boscolouisa.out
BOS_DealFinder.out
BostonGardenia.out
bostonnewslocal.out
bo_tara_tarara.out
Botgle.out
BothraPri.out
Boug_Dinero.out
Bourbon_BO.out
boutique_lane.out
boutiquenrfny.out
BovarysComplnt.out
boweaver11.out
BPlayMag.out
bra_dean.out
BrandeisxDavina.out
brando4k.out
BrandyLuvli.out
_brazykk.out
breaduck.out
BreaKing_0News.out
breakingnews_no.out
BreathtakingBTS.out
Brenly_89.out
Brentendo_64.out
BrentsGirl4Life.out
brexdallas.out
Brian51207316.out
brian_carnell.out
_briannal0l.out
BrianVanBergen.out
BridalShuttle.out
brightasastar_.out
brightlyirwin.out
brightonhovenow.out
brinceofiraq.out
BringRiverHome9.out
brisbanejournal.out
BritainsExport.out
BriteEyes8.out
BR_Nation.out
brunad07.out
BryanBeckford.out
BryanOFWG.out
brycelacy.out
bts_an_jk.out
BTS_Banana_.out
BTSendedme.out
BTS_eunjin.out
BTSHITRM.out
BTSJK_97both.out
BTSthe7legends.out
bts_yuri_tete.out
BUBIBOYS.out
BubzPraxis.out
Buck_Around.out
BuddytheGecko.out
bujogirl.out
BULGEBULL.out
bultaegi.out
bungu_bot_.out
buran_love.out
burntoastswift.out
busanjlkook.out
busybee27502.out
ButtBoob.out
butterflyhes94.out
Buy_From_USA.out
buzzzbry.out
Bvb416.out
bvocado.out
Bwa_reezy.out
B_Whitewind.out
byaksharin.out
ByronDeezy.out
ByStudor.out
c204r432_dau.out
C21Synergy.out
CabArtVintage.out
cac_ac22.out
Cadbury88Hazel.out
CagedBirdGenius.out
cahier_m.out
CaitlinBae_.out
caitlynn_skyee.out
calabrioca.out
calcio_q8.out
CaleCOTC.out
calgarynews.out
calhoun_monique.out
CallHerJade.out
callisto_a.out
CambinoII.out
CamillaftJolex.out
campustodaynews.out
CamRebecca_.out
CamzEyes.out
can4drian.out
CanasNicole45.out
cancerolizer.out
Cape_Cal.out
Capt_America007.out
Caramel_finee.out
CaratBRA.out
cardcaptortae.out
cardcounterswin.out
carielesviolet2.out
carlaho15238423.out
carlosriverao.out
carmelaloo08.out
CarmenTaylorz.out
CarmillaLusta.out
carolehers.out
CaroleShashona.out
CarolGuahgbasn.out
CarrboroYoga.out
CarrollRory.out
Carter15__.out
Casper10666.out
catalishus2.out
CathChenavas.out
CatIsThicc.out
_catmand00d.out
catorwebradio.out
CBCAlerts.out
CBMFRadio_FR.out
C_Bratter.out
CBS46Traffic.out
cchippyy813.out
ccolonx3.out
CCourtneyclift.out
ceek_world.out
ceeno23.out
celalfatmakrtp.out
CelebStarletXXX.out
CelebsTea.out
celestialcami.out
Cellycell_.out
CeniyaG.out
cerealsmiamiam.out
Cerelak__.out
ceridwenDESIGNS.out
cesarslaysall.out
cferrer777.out
cgm807.out
cgnetwork.out
chaartell.out
chae__lynn.out
chaloillust.out
Chamayarai.out
CHANGEURPOSTURE.out
channel__3.out
charafe100.out
Charge_.out
chargerupgaming.out
Charito_13579.out
chasing_theJETS.out
ChatDolphins.out
ChattanoogaRR.out
Cheating_Sluts.out
CheerleadingFor.out
ChelJly.out
ChelSLAAAAY.out
Chem_Umi.out
cheolstice.out
_CheriePhi_.out
CheriMerci.out
cher_toi.out
cherylswenson.out
chescafrxn.out
ChesterfieldIs.out
cheyanne1021.out
chibi_uchi.out
ChickSoBAD.out
Chickzama.out
ChiefCeige.out
ChiefJerm.out
chiisairoru.out
chijiokebiafra4.out
Chimcola.out
chimeongs.out
ChinaSourceOrg.out
Chindogg21.out
ChinkyEyeKey.out
ChitownNSession.out
chloegelll.out
CHlRRUTBAZES.out
chocolatesRblue.out
ChoiceDirection.out
choimjaebum.out
cho_mind.out
ChopFOA.out
ChrisDonohue12.out
chrisifg.out
ChrisJeffries24.out
chrispunkquito.out
chromless.out
chronic63.out
ChukkuNews.out
Chupaimos.out
chxmendesx.out
cianguin.out
CieCynthia_xo.out
cieeeerraaa.out
Cieloza.out
CindyDPishere.out
CindyHo71462391.out
CindyLSchroeder.out
Cinephile_93.out
cinnamonnutpml.out
city9320.out
cityofthefeels.out
CKuturad.out
clangrogan.out
clariiicatura.out
ClassicFordCars.out
classygal21.out
claudia_codrea.out
clc408.out
Clearlensphoto.out
ClevaBoIrack.out
CloisterFuck.out
cloverpointvic.out
Club_Acuarius.out
clubfloozy.out
_clutchMYpearls.out
cm675.out
cmadmax.out
cmwheatley56.out
cneezle_c.out
CNNEE.out
CNNsWorld.out
cnom98.out
Coach_Holloway.out
coach_jaylarry.out
CocoaaaChanel_.out
Codemakura.out
coffindance.out
CoinCityWarrior.out
coldpjm.out
collins_nickole.out
ColorMeLeyah.out
coltbardosing11.out
ComatoseSosa.out
comeandjoinus45.out
comefindmee.out
CommonsBot.out
CompassJobBoard.out
conchapelarodri.out
Cons_Juandai.out
ConsMontana.out
ConwyCountyDay.out
Conwy_Daily.out
cookingscarlet.out
cookyforty0412.out
coolfatman.out
coolllassB.out
CooperKnox.out
CorbinRowan.out
corderomason.out
corgibaekhyunee.out
_CorieW.out
CornOppa.out
corsev2015.out
cosecdisorder.out
coupdebliss.out
courtyyears.out
CoutureService.out
CPusjegey.out
CrackCareerCode.out
craftyone39dawn.out
CrazyCrnBllBrd.out
crazymom50.out
Crazyy_Dayy.out
Creeper_9618.out
cremedelas0ul.out
creoleboyy.out
creyeveryday.out
crictoday.out
cris081679.out
cristinasy91.out
cruddykaay.out
cruisemeet.out
Crybaby__xoxo.out
CSarunrat.out
CSchevoli.out
c_sex_finder.out
ctone31.out
Cuba_Freedom.out
Cubanoticias.out
cunningham_cch.out
CupcakeTutorial.out
curewhip.out
CurfewFew.out
curtfromthe8.out
Customizedjay.out
Cut33ssay.out
cutecatshq.out
cutieqtpatootie.out
CutshortHQ.out
cuzislay.out
cvfeinv.out
cvh86.out
CVLibrarySales.out
CW9313.out
C_wall3.out
CWNewsReport.out
cxbbaek.out
Cyber_attention.out
cyberkpopunk.out
cyberpinoyradio.out
CybersMonday.out
cynsatiional.out
cyu_ri.out
d19arte.out
d362x_.out
daegustdd.out
daejahhh.out
daesungfishh.out
Daevaluque.out
DaiiYoongi.out
DailySpider54.out
daimines.out
damnitswan.out
DanaHickle.out
Dancingqueen_GG.out
danijenewien.out
daniyalahmed24.out
Dan_McKane.out
dannymffl17.out
DantesNews.out
danyelledrexler.out
DanyySilvaa25.out
daraakaren.out
darealchoppo.out
Darealkaybrobs.out
Dark_ArrowDCU.out
Darnellsaccount.out
Darren_Fewins.out
DarrylCurtis_33.out
DarthCvrdo.out
_dashaibabyy.out
Dasomology.out
Datsdat1Haitian.out
DaveOfLeeds11.out
davidchiarelli.out
DavidWeingust.out
DaviesKiprono.out
davo_iguodala.out
dawn_rich77.out
DawnSwe12515208.out
dawn_zoglio.out
daysofcxndy.out
daz_inc_.out
dbabiediamond.out
DC4Hope.out
DCRefined.out
dd1mhm.out
ddanikawilliams.out
DDeodat.out
ddinside15.out
ddqddd12.out
deadchilljacky.out
DealGenies.out
dealssuper01.out
deantrbl21.out
DeathIsReaper.out
debbi_cakes.out
debbie_nean107.out
DebEDaniels.out
Deealthaidi.out
Dee_DimpleZ.out
Deelishis_Dee.out
DeeNigerian_.out
DEEPishSports.out
defnotolivia.out
defsouItwt.out
DeiFrankOne.out
dejrachel.out
dekelley14.out
delacosta0.out
delanemassey.out
DelgadoCrizelle.out
delightfulkiwi.out
DellaCooper3.out
delreysmain.out
democracyfloss1.out
Denego_.out
deniega_grace.out
DereknMarkFans.out
designprofiles.out
DesignUrDream.out
Destiny041772.out
DestinyyGrayson.out
desty_des_.out
DesuDesuBitches.out
DEULLERR.out
DevilofKent39.out
DevonneApril.out
dfravel.out
dhfull50.out
Dhillon2888.out
dhinyeeun.out
Diagznr.out
dial3908.out
Dianaxan.out
DICE__game.out
DieBedra.out
diegopbl.out
DigitalSpirite.out
dinaheity.out
DinheiRonaldo.out
diogofromhell.out
Diogoreis6969.out
Dipu4700.out
DirtBagGaming.out
DirtyEmy.out
Disastrolizer.out
Disney_Blogs.out
Disneylizer.out
divernewt.out
Divo_Fierce.out
dixonowl05.out
DJJABTICS.out
Djneoreggaeton.out
DJPeeki.out
DjsPrincess2935.out
DJTYE203.out
DJWBOWEN.out
DLCVTAmedia.out
DLTrunnell.out
dmatkins137.out
DMMadora.out
dnebais.out
dobriensrapp.out
DoceDeagosto12.out
DoctorTotor_.out
dogrocker12.out
DogTrainAdvicex.out
doitforspifff.out
Doitlikejordy.out
DOLLAA___.out
DollaRoyale.out
Domer94.out
Dominique_Tho.out
donfemosty.out
doni_eLL.out
dontbetrue.out
DontDrugUse.out
dontonos.out
donutgleesun.out
donyawan129.out
DOP3Sweet.out
doubyadee.out
DoverCR.out
Dowoonderful.out
dozzer20.out
draganakaurin.out
DragemT1814.out
dragonboioso.out
drake_blakk.out
Drake_UTAU.out
DrATEFAHMED.out
DrDeaRoberts.out
Dr_Duraibi.out
DreamscapeVac4U.out
DreDys_.out
DretodiWurl.out
DRIFT_HER.out
DriveSlowHomie2.out
DriveThruYou.out
dropOf_water.out
DrShobha.out
drskharlamov.out
DrSue19380.out
DrubblerNews.out
drugsgunshentai.out
DRUMR48.out
DrunkTaehyung.out
dudaakropf.out
DudeSlater.out
DuffJuice31.out
dufus.out
DumadagAn.out
dvdexe.out
DwbirdDee.out
DylanFieldsP.out
DyoDKS.out
e3lameh2009.out
EAGCharlesB.out
eaglesrealist.out
EarHustle411.out
EarthMineYours.out
EarthRoverBot.out
eastline.out
EatKabob.out
EazyBlog1.out
eazzz_e.out
EBertolaccini.out
ebonychulo.out
ebtqbhudiqoihl2.out
ebumaa.out
Ebuzznet.out
EcCobyy.out
EClassHosting.out
eddtjgdhfv1.out
eddyldn_.out
edglasgow59.out
edonewithu.out
EdValenzMEd.out
edwinasalvador8.out
eevrr.out
eFinancialModel.out
EhabAhmedZakii.out
eikadilah.out
_eiramrolyat.out
EkbMary.out
Ekene___.out
ekuru_bot.out
elahlawayah.out
elcomerciocom.out
elderlyhobbit.out
eldwansy37.out
electromeriadoc.out
elgzali.out
eli777thebest.out
elie_df.out
eliseeyamba27.out
Elizabeth71030.out
ellaravh.out
____ElleDiablo.out
ellina_gen.out
elngar_maha.out
ElPibePepon.out
elroomi.out
el_terroso.out
eltheus.out
_ElUta.out
elverdadero78.out
ElyzaHot.out
EmbroidMeSurrey.out
Emely12765.out
emilianoperdiz1.out
EmilyAnnDavis.out
EmiratesNow_.out
emmamathe.out
emmanuelsblog.out
emotionalena.out
EmpressBash.out
emsfen_.out
emsterdamn.out
EncantoShine.out
EndiasFinest.out
enews.out
English_Likes.out
eniammac.out
enjoynewvideos.out
enpht_.out
Enterprise_54.out
Entitled_.out
EntrepreneursJr.out
_envydee.out
enzeru_no_innen.out
ErectEldin_.out
ErikH526.out
ErinDierich.out
ErinKlebaurCMA.out
erinlizzi.out
Er_Shankar08.out
ERuibarbo.out
erykamah.out
escnzaimifksiu2.out
esmerugh.out
Est_Soul.out
eStudioWerk.out
ESyyohula.out
ET_ranoshy.out
Eurix_.out
eurostart32.out
eutruthscot.out
eveeveeez.out
Every3Minutes.out
EvynnTyler.out
ewaverly7.out
ewe4tech.out
EWUMBB.out
excursioperon.out
ExiqitaM.out
exodearest.out
exo_lovekaikai.out
EXOLSpain.out
exotjctrxye.out
expertloveguru.out
EyrAJPszQaubPna.out
F2000S.out
f2hbyeol.out
faaithhyy.out
FabFork.out
FaceyFitzroy.out
facunda08.out
fade845.out
FadsSsfmsya.out
FahoddyNoof.out
fakealiceu.out
falconspress.out
FalehTK.out
falling4dyo.out
fandomlyfe.out
FaNebula.out
FANFAN90S.out
FarahHe5607535.out
FarahhLisa.out
Farhanah__.out
fashionideaz.out
Fashion_twists.out
_FataIity.out
fataljauregui.out
fatgod30.out
FatherSiisi.out
fatherxhobi.out
FatimaaaaaaaaaB.out
fatinxo_.out
faustendo.out
Fausto_Enrique.out
Fawaz_A_alosemi.out
fawwazalmatire.out
FBargainsGalore.out
FcJndsd.out
fckdot.out
featjoon.out
Feeds4U.out
Feel_Three.out
Feeyanaa.out
FeistyMama51.out
felixfsantistev.out
feministuan.out
femolevsky.out
FenatykyG.out
FenneyJoseph.out
fentyfendi.out
fentynyaz.out
FernhaeYnovel.out
ferriol_gale.out
ffxxnionss.out
ffyqa.out
FHQLG.out
FiberMountain.out
FieldRoamer.out
figppei.out
fiiish0524jiro.out
filhotedepigmeu.out
FinalCallFilm.out
FinancialCrime1.out
FinanzLinksWELT.out
findsharerestos.out
finesser_mya.out
Fintechgrowth.out
FionaHopeAitken.out
fionnaXWolf.out
FirionHope.out
First_17.out
FishWithSticks.out
FistPumpBaby.out
fivejohnny5.out
fiverrworks.out
fiweh.out
fkaLuna_.out
F_kuwaiteya.out
fl0wergun.out
_flanders.out
FlatAnimeTiddie.out
FLAWLESSEvE7.out
flaxolord.out
FleegleJason.out
fleeknsleek247.out
Fletchtopher.out
FLOPMEL.out
floraljj.out
FloridaBedBug.out
Flu_Amor_Eterno.out
Flyin2Freedom.out
fmab213.out
f__miyuoooooo.out
FntsticRcipes.out
focatemimdamo.out
FoggJerome1.out
folyqa.out
FoodIndResource.out
FoodSnoop01.out
footballvlogr.out
forevermakeup12.out
Fortune_Bet99.out
f_otb20.out
fouani_1965.out
FoxRn1.out
FPL_Peasant.out
FqbvMp.out
frak.out
FrancieSaidSo.out
FrancisWasHere.out
frankieBll.out
frankl0tion.out
fransnielsen.out
_Fra_______.out
FRaphael.out
FreakyPIMM.out
_FreddieLo.out
free_4_sex.out
Freebdsmdating.out
freefastcashvi.out
freemauicoupons.out
freemyheart31.out
FreeSpeechOnIsr.out
Freikugal.out
fresh_jobs.out
freshpremez.out
freshsalis.out
freudianskippy.out
fri3Qx.out
Friendstagram.out
frigbiscuits.out
fromjesstoyou.out
fruitdecay.out
fs162.out
fsundayluke.out
fsupercar980.out
ftwdonghyun.out
FubsyShabaroon.out
FUEGOFLORES.out
FujoYoshi.out
Fulla73M.out
FunesAime.out
funnyfunpage.out
funnyquad.out
fupumpkinhead.out
FutbolAlarcon.out
futebol_now.out
FU_Wendy94.out
fvck_failure.out
FXinEffect1.out
fynralyl.out
FyxokidY.out
g83Apps.out
gabby_elise1.out
gabbyfederick.out
gabs_arrufat.out
gaby17411.out
GadsdenJazz.out
Gaijin_Gal.out
gaildoreenreece.out
galarzasi.out
galinajoana.out
GalinaP_KSHUB.out
Galle_Watch.out
gamal_mohamed3.out
GameChange101.out
Gamolizer.out
gamonionJS.out
Ganbare_Gincun.out
GandhiUday.out
Gatemotors_com.out
gatherdom.out
GauravGupta1110.out
GayPeeFetish.out
GayPennPatriot.out
geahsxo.out
Gear__Box.out
geechnificent.out
geek_au.out
GeekJimiLee.out
geIImore.out
gelaiii88.out
gene_chrastil.out
genkimama_.out
GeorgiMoranC.out
GerlindeRud.out
GeromanAT.out
Gesuvius.out
Getbreadlilgreg.out
getcoupons.out
GetDailyCash101.out
GetGEWD.out
GeziciHaber.out
GforceElec.out
GFSH_Worthy.out
GG1725.out
ggekko1pty.out
GGOwners.out
GhanaVibes.out
ghonimah1.out
ghostcatbce.out
gicawyby.out
Gift1stclass.out
GigJobsSearch.out
GilCividanes.out
Gill_i_Gan.out
gillman_r.out
GillStella.out
GinnyAllaby.out
GiovanniTruvi.out
giriception.out
GirlThatsNelle.out
Girl_Too97.out
giveawayblump.out
giveawaybrazz.out
giveawaynood.out
giveawayrackly.out
giveawayzotuu.out
Givebies1.out
glassyelegance.out
GlideLikeBoga.out
GlitMail.out
glittergyaal.out
GlobalNewsMe2.out
GlobalProTrader.out
Glory_Hole_Now.out
gloyaltydee_.out
GlucoseCupcake.out
gmailmemads.out
GMamachckn.out
gnarlyjaffa.out
Gochu75.out
godlikedms.out
goesonx.out
gogimme.out
gokunaruto67.out
Goldenbvllets_.out
goldenuzis.out
gooberfat.out
gooberspa.out
Google_My_Boobx.out
GorgeoussLe.out
Gospel_254.out
gospelsoundir.out
GourmetRayA.out
gpworea3.out
grace_ballas.out
gracieexox.out
gravitypriest.out
Great_Home_Info.out
GreatTrump1.out
greenhousebutc2.out
greenlightsUK.out
GregRomero7.out
greyhoundchan.out
grey_zoe.out
grico1991.out
grimeyravemama.out
gr_sai.out
gsdogrecovery.out
GUCCIGAL1O17.out
gugudantxts.out
guidofaux.out
guiItykissed.out
GuillermBianchi.out
guiltypartiess.out
GulaboTheRose.out
gu_me143.out
guminya924x.out
GuptaMohona.out
Gurpreet_Shrma.out
gustavozelele.out
GuyAshton1.out
gvarner123.out
_gwopgoddess.out
GyaltenDolma.out
GYFHAS.out
H95_HM.out
hackedmotionart.out
had_jaaa.out
haegankent.out
HAh962.out
haifatin.out
haIocline.out
HaiselAshraf.out
hajimetxt.out
HaLauYaMa.out
__HALKA_AMM.out
HallyWater.out
halolaurmani.out
Hamad_a_Hazmi.out
HambySr.out
hamel1776.out
Hana_Elf1995.out
Hanan_Al3omer.out
hankstserdude56.out
Hannah_Gaber.out
HanSolo_2187.out
HarasHarasme.out
HarbertVicki.out
HarperLk.out
Harrvstvles.out
harryintheamxx.out
harryqnz.out
hartley_claire1.out
HARUN_CARSWELL.out
haru_oujilove.out
hasan_roc_.out
hasasha_e.out
hashDoha.out
has_mug.out
HassanA34798112.out
hataya2412.out
hatty1145.out
hausencarey.out
HawaiiADN.out
Hay09317403Paul.out
hayachineusuyu1.out
Haych_K.out
hayoungtamdax.out
hazazi2017.out
hazuki_bts_v.out
hbbtruth.out
HBeckalynn.out
HBergHattie.out
headlinesNP.out
heaIouy.out
healthfitnessb4.out
heartagustd.out
HeartOfScandal.out
heey_camiz.out
Heitormartinso.out
HeliNugu.out
hellavenus.out
hellnoufyh.out
Hello__Alter.out
helloitsmebat.out
HemanthChv.out
HenrryRivera_.out
HenryBLowery.out
HereGoJayAgain.out
Heriotoro.out
Hermetec.out
hernamemani.out
herndoncourtney.out
heroesreallife1.out
Heyimjalen.out
HEYIMSHI.out
hfhfd74.out
hgmerqury.out
hi7777sham1.out
hibakhan78.out
hiddlestonazona.out
HighEntia.out
HighFiv49807762.out
HiJayConey.out
HijikataAmal.out
Hilarityjane66.out
himeroad.out
himynameisdeh.out
HindKhabar.out
HireAnAdmin.out
hisnameisbryce.out
HistoryGuard__.out
hjyq2.out
hlengy_margenta.out
hoboinab0x.out
hoItzmannsgay.out
holliday_post.out
hollymeredith9.out
holtzbuster.out
hombremagdalena.out
homeAInews.out
homeshipping1.out
Hon__E.out
HongbinHasWings.out
hoodrichbean.out
hoosierpages.out
Hopey_70.out
HorseRaceInfo.out
hosheetos.out
HossamNubian.out
HotmaiBill.out
HotXXXStory.out
houseofbrendon.out
HowieRosenberg.out
HPMP12.out
HRJobCentre.out
hspaulds.out
httpdyoongi.out
httpxelaine.out
hugohernaandez.out
humano_demasia3.out
hunterlurie.out
hunthehyun.out
hunxarts_.out
HussianR.out
hvcfancIub.out
Hxim1.out
hyfrjoon.out
Hyperslw4Trump.out
HYPNOTICSUGGEST.out
HyrulianAussie.out
i_AhmeDz.out
ialexanicole.out
iamAshlynSingh.out
I_AM_CALLYWOOD.out
iamcucked.out
IamG00Z3.out
iamrae1989.out
iamshayykim.out
iam_toebay.out
IAmWeddings.out
Iam_xlimzy.out
iAmydear.out
ianmhardingger1.out
IanRSmith.out
IanSymmonds.out
Ianto_back2_TW.out
iBabyShopping.out
iBookChick.out
ibsalama.out
ibtehaj_akber.out
iBuckets32.out
ibxvz.out
ice21ym.out
ICEICE_W.out
IceSeason101.out
ickobel.out
icrradio.out
icze4lion.out
idbicbevbfl.out
idealist.out
idkbutnell.out
idkmixhelle.out
iDont_WorkHere.out
Ieeyeoreum.out
IE_Lauren.out
_ifatmma.out
ifnt5ever.out
ifntwhbp_.out
Ignorantnetsfan.out
I_Go_Deep_In_U.out
iHeartTrending.out
__iiiAx7.out
iiiiamJP.out
_IIIXXVII_.out
iijohnpaul.out
iinderz.out
iinoh.out
iisai0_.out
ikari_no_p_chan.out
ikerepublican.out
IKNM__.out
iKobby_.out
il_cielo36.out
IliesYNadaMas.out
illionairex.out
illr0ilR.out
_ilovebrandi.out
ilovedlwnsghek.out
ILoveEgypt.out
ILoveMedaka.out
_ilstagram.out
ImAbhiM.out
i_marwadi.out
imdoodlelyn.out
ImeneYNadaMas.out
imfitx.out
imgblur.out
imgonebruh.out
ImLeaAguason.out
immabecrazy.out
immaryllearcala.out
Imoncee.out
ImSharmi7.out
Imz1222.out
inboundbiztips.out
Indiawaking.out
indiedevsunite.out
Indo_nesia3.out
InductivoPia.out
Infogix.out
InfoSecurity99.out
InfoVideo11.out
ingdamnit.out
Inspir8n.out
Inspirit_Boo.out
IntechraHealth.out
integrex.out
IntegroBroking.out
IntelSecFQ.out
interactorsuk.out
InvertdWhinger.out
invhnlgdq.out
_Iogan.out
iorin_bot_.out
Ioujane.out
iPaigeTurnah.out
iPhillySports.out
ipjuvzswxyaq1.out
IPreferPi314.out
iraaahazmi.out
irbis2009.out
Irene_hoying.out
iRep_9ja.out
irlhannaa.out
ironichat.out
ironnmann3.out
irrepIcabIe.out
irwingirl17.out
isaacrayallen.out
Isabellniky.out
i__samar.out
isaybeybehhh.out
iscarosaac.out
ISeeAll.out
IsHannibalOnYet.out
ishtkam.out
IslandCoupons.out
IsmellbigFARTS.out
ismg_press.out
isonozexal.out
itassessors.out
itchaxchaeyeon.out
itis_tobi.out
ItsASickSociety.out
_ItsCheese.out
IT_Secure_Gamer.out
itsmagesty.out
itsmedaniellee1.out
itsmejoyce2314.out
itsmemarioo.out
ittivip.out
itzjanair.out
_itz_kaz.out
ItzkowitzJoseph.out
Ivan226622.out
IvanLugo_.out
IvanWaldorf.out
ivasilyuky.out
iwantfuc_.out
IWRGaming.out
izms1201.out
IzzahNasir99.out
izzatulizhab.out
j76q8.out
jackieionescu.out
_jackxt852.out
Jacquel13149633.out
JadaMarne.out
jade_fleeman.out
JaDineMovie.out
jaeseookka.out
jaeyangi.out
jagan0015.out
jaibee007.out
JAISURYAN.out
jaiXari.out
Jakemusc22.out
Jamal32alotaiby.out
Jame_dawg.out
jamiechance05.out
JamieFox41.out
Jamie_G13.out
Jamie_McMurray_.out
JamieWildRice.out
jamio_rosalinda.out
jan14anurag.out
Janahh8.out
janainamour.out
japanbullet.out
Jaraffe_.out
Jas_O_Mine13.out
JasonAAV.out
Jason_Havok.out
jaunte.out
jax_crab.out
JayBanks22.out
jayfrom88.out
jay_obvious.out
JayStovee.out
JayWinterr.out
jayyybandzz.out
_jay_zz.out
JazSoOutspoken_.out
jazz_onair.out
jazzorion.out
JBJAndy.out
jbr_nqb.out
jchrispyyyy.out
JDillensnyder.out
JeabSJ137.out
jeanRamette.out
jeanxmh.out
jebciebdkvbr.out
jeepinheiro_.out
jeezy_empire.out
jefferyrhenry.out
jeffgreco.out
JeffOB774.out
Jeffreymarkv.out
Jeffs_Wife_1.out
jelenapepitone.out
Jennahoney2.out
jenni_b.out
jennieaIl.out
Jennife25483821.out
jennnaaaahhh.out
jennr473.out
jennyhaeyo.out
jeolladochurro.out
jeonghanie.out
jeonidiot.out
jeonsominpics.out
_jeovanytello_.out
jeremyart.out
jermonika_jones.out
JerryLonsdale1.out
jessikaajones.out
jestscy11.out
jewelrytreasure.out
jeydonbby.out
_jgabriel21.out
jhastings71.out
Jhnayy.out
jho_grande.out
jhoonb.out
jhoraciogt.out
JiggyKeso.out
jillholtzmanns.out
jiminamina.out
jiminhyyh.out
JIMINPARKINGLOT.out
Jimmy2Toes_.out
JimmyLawrence20.out
jimmysmith954.out
JINkiWoo93.out
JinxedLilith.out
jinyneong.out
jizzle701.out
jj358070.out
jjapknees.out
JJByung95.out
JJVSRMJJ.out
jkookiex.out
jlawlarson.out
jlints58.out
jlizza1.out
JM5__.out
jmiguelsanto.out
jmill26_.out
_jmitch1.out
jmoswanbucks.out
jnstransport.out
jnvpx.out
joancrawfish.out
JoanLSoler.out
jobfindlybos.out
jobfindlynyc.out
jobfindlypython.out
jocelyncamia.out
jodza_.out
JoeCash78.out
joemohamed88.out
johnborgeson.out
JohnCampbell007.out
johncharles1518.out
JohnCharlesThe.out
JOHNNEYKADE.out
johnny3Ko.out
john_putter.out
Joibandong.out
JoMosely.out
JonDoeTV.out
Jongdaelicious_.out
jonsmlmbiz.out
jonyourside.out
joohngin.out
JordanWeinand.out
Joseph_Alyoubi.out
josephinebattle.out
joseph_nti.out
JosephXjivshjsg.out
Jota_AAA.out
JovanMailk2.out
JovenConBandass.out
jp2112rush2.out
_JP28.out
jpluimers.out
JPuga1966.out
J_Rich96.out
Jsullhart.out
JTKNotify.out
JTPaar.out
judethomas21.out
judith90293.out
JuggingWithTee.out
juicemanrob_.out
JuiceShrug.out
juliamitchelI.out
julianbarron.out
julyivette98.out
Jung_Hadi.out
junkettelove.out
___junnnn.out
jurinamatsui038.out
JustChillJuJu.out
justdolanit.out
justinwilsxn.out
justjinu.out
Just_One_Take.out
JustSayn2000.out
juussss.out
jvshaliss.out
jvvish.out
jxnesmery.out
k3nnr.out
kaboo_factory.out
kadenzook45.out
kadour83.out
kaes_so.out
KaewTyl.out
kailanilol.out
Kailix_.out
kaine_uzama.out
kaladmohamad.out
kalisbrood.out
kaluagwu12.out
kamdenaubreyy.out
__kameron__3.out
kanade_mojyo.out
__KANAKO_MMR.out
kanjgun.out
Kanliew_K.out
kanoelaanzz.out
karatius.out
Karen18Austen.out
karlito21_.out
KarthikRobben.out
karthis778.out
kathfondano.out
kathxdeej26.out
kathyl1973.out
_kaynicc.out
kayochins.out
kazuma899.out
kechinbouzoukei.out
keeysgarcia.out
keishmarie.out
kennboii1.out
KENN_Guraha.out
kent_johng.out
kento0313_suki.out
kepler_nicolaus.out
kerbear77.out
keroketefodas.out
kerrimccalll.out
keytAnp.out
kgs__12.out
khalidrafiq138.out
khalidrafiq139.out
khalil_martinez.out
KHanagumi.out
khcsportsman85.out
khEstephan.out
KHVJVeriyan.out
KI7NGS.out
kickbackfilmz.out
kickedinyo.out
kierz1up.out
kih_yun.out
kijana_whyte.out
kiki_puzmulti09.out
kilpatrickeolue.out
kimberlyxo_44.out
kimholland5.out
kiminonaw358007.out
kimrahmahwang.out
kim_sejiokn.out
kim_sunisar.out
KINAKO_830.out
king_kam23.out
kingkyliesweave.out
KINGofTHIGHHIGH.out
kingsolo72.out
kingsugga.out
kinknakeun.out
kipe_media.out
__KIRARI_MRBS.out
kirinon1_2.out
KISSTERS.out
kittensyub.out
kittykhads.out
kixxonlee.out
kizantech.out
KK_API.out
kled.out
kmhiyo.out
K_Mihoto.out
K_N__Oo_ars.out
knowledge_is_it.out
knowledgelost.out
knute1888.out
knuygsoo.out
KNV1sK6UAwFuPtj.out
kony_n9.out
kooieyourpretty.out
kookiedokitoki.out
kookievgue.out
kounorey.out
kousuke_DCDB.out
kpopgugs.out
kp_smalls.out
kriscrittah.out
kristilyn.out
ksantooos.out
ksdholler.out
kseniya9582.out
KSLC__.out
kthdrw.out
kumarmangla.out
KUSFinExile.out
kuu19660622.out
kvnpkrwrd.out
KWlZZLE.out
kyjemypuhyba.out
kyo_kyo1225.out
kyuubethe3rd.out
kywumji.out
l3rd4s0y.out
laffertyslady.out
lahsteve.out
lakarli08.out
lalla_sharma.out
lallicea.out
lallullila.out
lanalouuu.out
lanamanaii.out
lanatendo.out
lancashirem.out
laneyyychildish.out
lanneaster.out
larissabohm_.out
latestcanada.out
lauraauday21.out
lauren_bonham.out
laurenstown.out
laurmilangry.out
lberiko_mok.out
lbIHMLhf7kXGlGH.out
leahanneta.out
_leapccn.out
lea_zquad_zjm.out
legendhanbin.out
legsluquis.out
leighaa35.out
leighstouchh.out
leilatte.out
lelebabe_ee.out
leoara10.out
le__outsider.out
letradoarmando1.out
lexaeee__.out
_LexCorpp.out
lexpatterson_.out
lhbqnlrjxlg1.out
lhongbeans_.out
_liddoboss.out
liebe_laur.out
lilelztaylor.out
lillyabbi.out
lilsb703.out
_LilTaaay.out
lindaikeji.out
lingers25.out
lisasmith241.out
livetips4u.out
lixomortal.out
lizagarciaDC.out
lizzza99xx.out
llwixdzll.out
localhoodmom.out
locketkiss.out
_lo_cky_.out
loidasweet.out
lojin7__13.out
londonbckoned.out
loondam.out
loopx3.out
loqupqfflbpxaj1.out
lorraine4trump.out
lotusplaza.out
love972live.out
lovebody3939.out
loveidols.out
lovelace_cofie.out
lovelyPITA82.out
lovemayuyu48.out
lover_female.out
loveymongeau.out
lowdudgeon.out
lowtech_42.out
_Loyyalty.out
lozrmxtpfjhzkf1.out
lq24k.out
lsrlinda.out
_Lucy_69.out
luisaa_asf.out
lull_Neenee.out
lulu_luskiano.out
luluzeko.out
lumalozy.out
lupe_2m.out
lushixun_.out
luv_boricua.out
lyjeix4.out
lylotulus85.out
LynnNodland.out
lyricdumpster.out
m106m106m.out
maa6121.out
maarcos_go.out
machikoimatome.out
macresslernews.out
macsanto777.out
maddeningspeci2.out
maduras75.out
maferchalo.out
maga_zine_usa.out
magneto594.out
mags1398.out
mahafotografics.out
maheshr63907938.out
mahmoud_beloo.out
maicha1123.out
maiicassi.out
mairafzal.out
majesticjolie.out
makiaa__.out
malak305m.out
malasqalani.out
malecshumdario.out
manaka98770278.out
mannreagan.out
marahhh2g.out
marccold.out
margaritarr8.out
maria_juliadrew.out
marisa_965.out
marita_patos.out
_markaylaaaa.out
marketingfeast.out
marksgyeom.out
martinichaser15.out
martin_rooniy.out
maryam_afg.out
marymjoneil.out
_maryomi_88.out
mary_p7mary3.out
matpatftsteph.out
mauricefontai19.out
mawarkh4yalan.out
maxemc.out
maxthedoll_.out
mayhemeagan.out
mayonnaissica.out
mazyunh_shamry_.out
meanpopper.out
meddy52.out
mediat_biz.out
mediatrix_o5.out
medicalbook1.out
medok4000.out
meena7099.out
meenassyas.out
meePrakash.out
meersjackstaff.out
megadiscounthse.out
mel0dy0929.out
mellow_stace.out
memeyard.out
merabharat2011.out
merce_blitz.out
mermaidirish.out
merrymyoui.out
mghz3.out
mgk_aim.out
mhajer77_2.out
mhdfris.out
mhellopez19.out
miasimone97.out
micahhomg.out
_michelleflower.out
michellex5238.out
miggety_mac.out
__Miho_KHNT.out
mika_gx.out
__MIKA_JGSK.out
mikashumilty.out
mikeaecons.out
mikelallen6.out
miku2d.out
milliminlee.out
mimi130.out
minamahgoub.out
miniRito__.out
minmi_M_minmi.out
minseokaffeine.out
minsquishies.out
mint_msk.out
__Mio_HND.out
miriansunday1.out
misskimrub.out
_MissLola.out
_missnher.out
missterrmilkk.out
misthavenswan18.out
mistressjdoll.out
mistylo7465.out
mixedships.out
mjbtimes.out
mj_new_cd.out
mjohnso27.out
mkhailer.out
_mkillv.out
mlawrence418.out
_mleykh.out
mmayr5.out
mmelissam.out
mm_ho15.out
mna2483.out
mochapaper.out
modernishmommas.out
modsiwaisa.out
modsya.out
moffu_desperado.out
mohamAlateyah.out
mohamedAAlotfy2.out
mohanadi78.out
mollendowski.out
momenallam_.out
momota_nakakici.out
momsenation.out
mono46627835.out
monroemrly.out
montenegro_emil.out
montpelierjourn.out
mooktuan.out
moonIightphases.out
morganhope26.out
mortenvh.out
motherheck.out
motivationhqnet.out
motun__rayo.out
mouvoice.out
movenergy2.out
mozartiiiiiii.out
mredinburgh.out
mrkwonjuring.out
mrmsramen.out
mrpankajsethi.out
mrsbinker.out
msiaoutlook.out
msnireland.out
msnph.out
msrianja.out
msruck.out
mstrashheap.out
mstreeter06.out
mtnhealthcare.out
mu90live.out
muendomuindi.out
murdamamitianni.out
murtadina.out
_MuscleMuseum_.out
musejamie.out
muses220.out
musicjpnews_mti.out
mustafaRadwan13.out
mvbrat91.out
mwbrown51358.out
mxjsmt_.out
_mybabyharry.out
mycellphwne.out
myeonlotto.out
myungsooL_xo.out
myzgkni.out
mzioon_5.out
mzonetv.out
n3unityradio.out
na08x.out
nabbiebs.out
naboongs.out
nadanadu.out
nafeza2world.out
namjoonisboss.out
namsquaredhyung.out
nana_zawa.out
nancy73gg.out
nancyherman59.out
nancysalah55.out
naomi_lizabeth.out
nao_mootun.out
nasha_phs.out
natalieeeeee___.out
naterios23.out
nattylexx.out
natuhrally.out
naughteeismaxim.out
naukapujaraa.out
nct_doyoungg.out
nCurrency.out
n_diamante.out
neck_fxkingdeep.out
nefaxious.out
negaonce.out
neileza26.out
neithtextiles.out
nekokat42.out
nellokie.out
nepal123.out
nep_neps.out
neuropuff.out
newhumanliving.out
newsattitude.out
newsjunkieswmo.out
newsko_com_ph.out
news_sokuhou_12.out
newyorkcityinfo.out
newyorkolizer.out
neylandmafia.out
NFL.out
_ngoo.out
nguyennameng.out
nhanntdt.out
nicole_kimimi.out
nigglysaurus.out
nightwolf892.out
nihiltimoris.out
_Nii1.out
nijierotai.out
_nijuanaaa.out
nildaalcarinque.out
nine_oh.out
ning_pb.out
ninicsfr.out
_NintendoDS.out
nischa1993.out
noahshappiness.out
nobby.out
noisenoise.out
nola24073693.out
_NoMoreExcuses.out
nonbinarymoon.out
noodox.out
nooonieeee.out
nopedolans.out
nopromisesmndes.out
nora_pops.out
noritahsalleh.out
_notDvttjen.out
notsbstnrd.out
nour2595.out
NozNewz_com.out
npitch98.out
nsrawish.out
nsrmaasr.out
nthnbutlegz.out
nubeshu.out
nurhazly.out
nur_syazwani13.out
nxrzsqhmbsjgwl1.out
_nxxcole.out
nyvic26.out
oceanmeat.out
officaIsnsd.out
officialdevian.out
officialjoedib_.out
ohheyitspeytonn.out
ohseeoui.out
ohsehunieie.out
oikono1885.out
oishii_Ryori.out
okane_seiji.out
okeriih.out
oklegacy.out
oldguy_jb.out
oliemibou.out
olmsteadskippy.out
omayeli16.out
omertakayyy.out
_omgcoldplay.out
omgkyy.out
om_kuldiya.out
om_naif80.out
ondoruragitan.out
oneideatoday.out
onlyou_ls.out
_onlyykeyy.out
ontha_mab.out
ooyuzbusiness.out
open4profit.out
opoku_isaac.out
orange39660092.out
oranus786.out
osby_jasmine.out
oscarsmotel.out
oshietee.out
out4space.out
outofmyplanet.out
out_RAE_jus.out
overlandbound.out
owo_825.out
oxtheg.out
padpaddpaddy.out
pakjeup.out
palemami.out
palimohiethind.out
pammmaq_.out
papasvke.out
papers_com_pk.out
parallax1978.out
paravertudo.out
pariskashmeir.out
pattyschinzing.out
patungpepatung.out
pausetheprocess.out
pavan_sethi.out
pazarindo.out
p_chawla23.out
pcythepup.out
peacelovetori8.out
peachcleo.out
peach_n_pie.out
peachtagon.out
peachyjimiin.out
pearlzb4swine.out
pebawards.out
pecunium.out
peggyd6710.out
pelumiogunsami.out
pendulum5884.out
perfectdraftbbq.out
periwinxkle.out
petergorla.out
petrasa4.out
pettylo_.out
philafelines.out
philkastiel.out
phippahnkarn.out
phlubup.out
ph_moha.out
phoebemadrid07.out
photo_cj.out
piercingross.out
pikesley.out
pineywoozle.out
pinkgyeom.out
pinkyfaye.out
pirulintae.out
pitchpivot.out
planetzs.out
playboityrie.out
pleighboii.out
podesta_email.out
pokeHOBImon.out
politicslies.out
popees.out
porisu_pori.out
pornsitespot.out
pouty56.out
pptsearch365.out
ppwrp.out
pradeepkulal123.out
prahlad_insan.out
pramkum1995.out
prashanthAAfan.out
princessdumebi.out
princesswasabii.out
prjaampsjqvtvr1.out
prkgmn.out
prmth.out
producedbyzico.out
proprhunters.out
prow_purupuru.out
psk337.out
pstlsira.out
pstnpim.out
psycho4ensics1.out
psychologycult.out
ptrcnn_grc.out
publicradionerd.out
punamChoudhar12.out
punditfap.out
punkcr.out
_Punky_Pie.out
punningpundit.out
puppyhyung.out
puppy_training_.out
purehavuk.out
puthology.out
putthajittttt.out
pxrspxctivex.out
pxstxr.out
pyre_souljah.out
q0rtz.out
q8_dutch.out
q8_man35.out
quantalooped.out
queenbitchspray.out
queenthishiit.out
quicksellcar.out
qveenallex.out
qveennae3.out
qxnammun.out
r6_monkey.out
raaa03.out
rachelnb912.out
rachitshah42.out
racky_rivera.out
radio_pantanal.out
__radwaa.out
raecb.out
randomshandom.out
rao0onh.out
rappahannockmag.out
raquelaberakiki.out
rasheduzaman_md.out
ratzatouille.out
rbr6000.out
real__bc.out
realJamesD1.out
real_mille.out
real__pcyatm.out
realstrictwomen.out
realVlonely.out
rebelblack213.out
rebelgabe.out
recipesprep.out
redbuIIet.out
redcannoned.out
reddirtrootstx.out
reddit_top.out
reddotjobs.out
reefgettinpaper.out
reem_adiil.out
reemy_13t.out
refg489f.out
reggieh123.out
reilomcicen1972.out
reliable_galina.out
remaxlascruces.out
remrin020202.out
remusjIupin.out
repunxel.out
respicite.out
retheeshraj10.out
retrodealsUK.out
rettouseigazo.out
rgo2524.out
ribbon_polkadot.out
richardcoopern1.out
richardwjones.out
rickptrll_7.out
riftcentral.out
rightnow6music.out
rihbirth_.out
rileywheelers.out
rimeveguko.out
rinf_community.out
rise_redemption.out
ritaafs11.out
rizzohannah10.out
rjcress.out
robert2266.out
robertdrakes.out
robin_vasudeo.out
_RochelleC.out
rock_ji_alxd.out
rocknrollpizza2.out
rockytae.out
rolikn1.out
rosiecheekj.out
rossivelaquino.out
rottenluck101.out
rowdy_ratnani.out
rowoonmonx.out
rubesssx.out
rubiela33.out
rubiusxcamila.out
rudewaifu.out
rugliabeoulve2.out
rungii.out
rupert_rrl.out
ruth0530.out
rvparkjoyi.out
ryanbreheny4.out
ryanfromohio.out
sa3dooooof.out
sa7ar1179.out
saamoelsharief.out
sackgirllilkay.out
sadboychaz.out
saharazadey95.out
_sahrr_.out
saifadinsaifad1.out
saintseiyas.out
sajithkiran2.out
sakurichii.out
salaman1975.out
saleem1341.out
s_almslmani.out
salonisingh222.out
salvatorewildz.out
samapressnet.out
sambiohazard.out
sameer_polonium.out
sameoldjonato.out
SamFeldtMusic.out
sami_f777.out
san3rt.out
sandeeprrao1991.out
sarabad222.out
sarafonsecajb.out
sarah_208.out
sarayanewstweet.out
saskokid.out
satoshick0323.out
saucekingtae.out
saudiIeague.out
savagejayyyyy.out
savbail.out
_savsx.out
scaleup_rt.out
schnellmann_org.out
scientistolizer.out
scomiche_snaps.out
scottoying.out
scott_stalker2.out
scoutbuck_.out
screenshotlife.out
___scumbagsteve.out
seasolshades.out
seauxrude.out
seckzi_10.out
sectest9.out
seenandheard2o1.out
seenandheard2.out
sehunsum.out
sekai_suho.out
selena_sourcefr.out
selfshotgq.out
selmohassan.out
semanticist.out
semperfidem2004.out
semsmahany155.out
sendysatrio.out
seorceryy.out
septemberwind__.out
seraphimmoon13.out
seungwanshon.out
sexycutletbowl.out
sha1mma.out
shadlovesdinero.out
shadowhuntxs.out
shadyovoid.out
shameIesssivan.out
shampainxhoe.out
shansand65.out
s_haruka_bot.out
_shawtybynature.out
sheanne1228.out
shectumsempra.out
__shelbzz__.out
sherronn_.out
shfo501.out
sh_hbn.out
shinsukestyles.out
shirleyyoung2.out
shobithkc1.out
shpbqxie_.out
shr0s.out
shreyaax_.out
shun_rika_ngt48.out
shurikenfaire.out
shymeher_.out
sIaytina.out
sidneylee1120.out
siinnersprayer.out
_siiyamthanda.out
sikandarbjp.out
silentsamsmith.out
simplefucks.out
simpleservantry.out
_SimplyQueen_.out
sincere_larry.out
sinith99.out
sippymanda.out
sittirahmah.out
sizzlepeg1.out
sk8maloleygirl.out
skinnygallny.out
sk_sivaprasath.out
_SkyLip.out
skywalker201366.out
slaylaxo.out
sleepysaracha.out
slickmiiick.out
slipcases.out
slyphon.out
smartmaryam908.out
smbd.out
smilesilv.out
smiling_suresh.out
smithcoreyd.out
smoaknswan.out
snacksinthehall.out
snarkyRedhd.out
sneersternway1.out
soaprookie.out
socialist666.out
socialnet_media.out
socialQTS.out
softcheols.out
softwarnet.out
sogard67.out
solarpowerspork.out
sondra_rodgers.out
soodal_nari.out
soovcnjung.out
sopersayian.out
sophiedarat.out
sorayasaikal.out
soulgaytes.out
soundinmyhands.out
souravshakti.out
spacejpg.out
spicy_drama.out
spidwrogers.out
spinfreezone.out
sportglide1.out
spritae.out
spudahoi90.out
squixr.out
srijssss.out
sriramhebbar.out
ssainted.out
sseloxqq.out
staizus.out
starboyurie.out
starrryndo.out
steaImyshawn.out
steffmuniz.out
stephaniemldz.out
sterocuddles.out
stevekHQ.out
stevenburns131.out
stewgotsnacks.out
stonefieldESAG.out
studio26radio.out
stuffbaldwin.out
stunnatiff.out
succlock.out
suckingham.out
suhasfranky1.out
sunbIasts.out
sunlightradio.out
sunnywinehousse.out
sunqhwas.out
sunshinebrina.out
superShellyP.out
suryakantmish1.out
susanlunenburg.out
sutaviridemi.out
suway7.out
suzybee30.out
svdkenie.out
svtsdino.out
swaggymk_.out
swainresolves1.out
s__whale.out
swissifg.out
swvnsxn.out
sxenbjxnwck1.out
sxlm_a.out
syafeeqKL.out
synthsamplerbot.out
syobo_n2.out
syookrys.out
syrrepsf.out
taesbberry.out
taestheticly.out
taitapanda.out
tajohnaa.out
taj_sagay.out
takahagi_k.out
takatosi1973071.out
takaya19940522.out
takeopariu_.out
talkmedownjh.out
talkvn.out
tamaraharb2.out
tamisheree.out
tanveer4u72.out
tanviarora03.out
tapocaopiniao.out
tapthatbutera.out
tara_views.out
tasttyrecipes.out
tayLOVEjones.out
tbhlovelyz.out
tcallenrobert33.out
tc_judd.out
tcynqtrgtuuamz2.out
teachersdesign.out
teamtopzy.out
techcoachinguk.out
techinnovation8.out
temporaryniell.out
tenschrist.out
_tesslawson.out
testdrivernews.out
texas_news_12.out
teyeonrain.out
teZtt00bbaby.out
thanksic.out
thashark316.out
thatdarndesha.out
thatguymayberry.out
thatniggajonne.out
thebeautytips__.out
thebluejeanes.out
theblvckoreo_.out
thecrazycannuck.out
thecybermenace.out
thefameprint.out
thejimfonggroup.out
themetalmarvels.out
thenewsosso.out
_ThePage.out
therealwombat1.out
therockydimples.out
thestorymint.out
thetruth111087.out
theyhatesierra_.out
theylovesoph.out
thvnderfck.out
thwrn_news.out
tiachanele.out
tiana_bryant24.out
ticklingtrout.out
_tierram.out
tilostyln.out
timelivenews.out
tingtang_n.out
tips_security.out
titodinzey.out
tjanai__.out
tmj_bc_jobs.out
tmj_chi_jobs.out
tmj_dfw_it.out
tmj_lax_health.out
tmj_ptr_jobs.out
to9etherwithyou.out
toastjobs.out
toey_teukmylove.out
tommyyNE.out
toniquiaa.out
topdogshares.out
tora2m.out
toratalmut.out
torialyse.out
toriggered.out
tosakanaway.out
tosizoukazu.out
totymango.out
towittertoo.out
tracobsivans.out
trafficjamnet.out
travelmoneyfind.out
trblwang.out
treaty_au.out
trendy_girl_toy.out
trevorkemngang.out
trill_leee.out
tripology.out
trippymesi.out
trnchngtimelord.out
trollprincess.out
troothmonstah.out
trstydotcom.out
tryssiie_.out
tsubuyaki_kame.out
tsukemono_desu.out
tsumug1000.out
ttaurussign.out
tudorrose16.out
tumblrsdiamond.out
tummie_mokae.out
turki3xx.out
turkoiculture.out
twcjihoy.out
twdk_music.out
twelftholdorf.out
twelve_fiftyone.out
twgforceone.out
twissytrashcan.out
twopcharts_it.out
txbvtharsf.out
txmvsg.out
tybrokesign.out
tym2g3thi.out
tyorappe_4846.out
UberFacts.out
ubipages.out
uchida_kawasaki.out
ugh_simone.out
_ujj_.out
ukVintageDeco.out
ultmingu.out
um_cvt.out
umohamed2016.out
umrashed_60.out
unbotheredb.out
uncreativecat.out
__undelay.out
un_diverted.out
uneasyluizy.out
unequalmarriage.out
urbanxgypsy.out
urbinaaaa_.out
urcreams.out
uremaaguilar.out
ursula_salvador.out
usacuracao.out
usafss74.out
usasan63.out
usdcwatchdog.out
useit84.out
username_XO_.out
ushopweshop.out
uve324r.out
vaishali_45.out
vamphyun.out
vanessabecruzen.out
vanillers.out
vegas870.out
velvetschoi.out
vibeswithsami.out
vicentimonsera1.out
victory1261.out
videosbro.out
vidyadevi800.out
villloli.out
vinnybags62.out
vistarites.out
vitalKxDD.out
vojinurosevic.out
vojobs.out
vrstardiaries.out
vscharag07.out
w00dchuk.out
w13071966.out
waitingfor2017.out
wallmethzarare.out
wanidlop.out
wardh773.out
warriorfema6.out
wasd12456787.out
watabii_er34.out
watashiwaleia.out
watchtalks.out
waveanitta.out
wdaza.out
wearenowinu.out
weaveplanet.out
webjframework.out
websmartboomer.out
weddingceremoni.out
weksxel.out
wesleyrelax.out
wfjackson3.out
whats_live.out
whaulien.out
whostheidiotnow.out
wienercontests.out
willoxh.out
wimaxch.out
windowpub.out
wing5536.out
wingsopal.out
_winning11_.out
win_themark.out
wishmaster_nl.out
withbabybird.out
witnessphiIkas.out
wixsonstyles.out
wizardbri.out
wlfpack81.out
wndyyx.out
woahjass_.out
womenwhorockWWR.out
wonwooos_.out
woolygeorge.out
worldwideRSS.out
wowscasino.out
w_q19.out
wrotae.out
wsb_racing.out
wutangbunny.out
wwibbxohlei.out
wwozzydo.out
wxatgp500.out
wyetthasspoken_.out
xayysha.out
xbabygomezx.out
xbliss2.out
xBlxcky.out
xbveridlv.out
xcrystalmeth.out
xhallucinating.out
x_Heena_x.out
xHowRudex.out
xiamwhatiamx.out
xkillyouridols.out
xlH4TT3Rlx.out
xmoniixx.out
xothlifex.out
xo_valerie_xo.out
xoxoAngela24.out
xRwrZz.out
xtsu8.out
xvlav.out
xxingbaobei.out
___xxty.out
xymalf.out
yaguara2299.out
yalgaarmateen.out
yamamimo.out
yama_pi_9110.out
yameruidol.out
_yannnaaaaa.out
yaoigod_.out
yarbr012.out
yardlinkradio.out
yayhubs32612.out
yeahimadore.out
yeinpeudda.out
yelhsaashley__.out
yenobeshae_.out
yerimnews.out
yesungjwk.out
ygkilo_.out
ynisne.out
ynm004.out
yokohama_hossy.out
yomi_mabayoje.out
yomnaemad11.out
_yonniieeee.out
yoongifying.out
yoonhyunnies.out
yosharing.out
yosomaka7.out
yosugara_rrr.out
youkoudan.out
_YoungButReady_.out
youngdamo4.out
young_maymay.out
youngwildfwee.out
yourhdporn.out
yourstruly9912.out
yout_95.out
youth_k_kicks58.out
yoyo_sam.out
yskh13.out
yu_ki_48.out
yukimuraaduri.out
yumecuisine.out
yunglord101.out
yungpeeta.out
yuridiaa__.out
yvr_jadine.out
yyoearth19.out
yyokkygwen.out
z4mp1.out
zahir07du.out
__Zanele.out
zassyokukei.out
zearned.out
zeroichi0420.out
zhjieqyong.out
zhoupunky.out
zitties.out
zixmpriority.out
zizah_jisil.out
zjmlived.out
zl_vs.out
znyderlex.out
zoey92605988.out
zombie_nyc.out
zompire52.out
ztd96_dena.out
zurupeto35.out
zxgcggg1.out
zyunnkyuu600.out
