0_0I0_0.out
0____q8.out
123456789hado.out
140journos.out
14G__.out
14Mundial.out
164203.out
1avce.out
1DAllUpdateess.out
1D_Beards.out
1DUpdatesPolish.out
1ra____.out
1TVNewsAF.out
1wolfa.out
20m.out
24_aghil.out
24h_tve.out
263Chat.out
2fl6l6.out
2kidsandacoupon.out
2morrowknight.out
2norr_.out
2themillbeats.out
300REZ.out
360Connect.out
3ebod.out
3FLnQe.out
3JSB_unofficial.out
41actionnews.out
44_nahl.out
46nekopj.out
47newsflash.out
4l4_i.out
4Shbab_net.out
4ShiaRT.out
4VisionPR.out
511_J_.out
5hNewsBrasil.out
5SOSLocate.out
5waa6er_6.out
61_G6.out
7jaz_2.out
8NewsNow.out
8o0otshy.out
911well.out
9NewsBrisbane.out
a1arte.out
a4a_vip.out
A_alfugaier.out
AAPInNews.out
abc_es.out
abcTraderClub.out
abdallayahia1.out
abdalmaged.out
abdullah828282.out
abdullahciftcib.out
abomohamed678.out
aboutARTmagazin.out
AbrahamMateoESP.out
abu_fahad1111.out
AceTinashe.out
ACritica.out
Adam_A_Kamran.out
adekunleGOLD.out
ADELLEO.out
Adeola_Cule.out
adiazpi.out
AdorableStyIe.out
adss68.out
adv_44.out
aelizabethb1.out
afabbiano.out
afc__ahli.out
agrni.out
ahlamnmnmnm.out
ahmadalzarra76.out
Ahmd_37.out
ahmedkhaledtwfi.out
aichikyu369.out
AIIAmericanGirI.out
airandspace.out
akari_daisuki.out
AkGazeteTurkiye.out
akhbarelyom.out
Al3omoda.out
al68_.out
Al_ahlinews.out
alahsekaer.out
alalkfkf.out
ALARABIA_EGY.out
alassrcom.out
Alastairkretser.out
alaura2015.out
alawine.out
albader900.out
albaladsa.out
AlBawabaNews.out
aldubnation16.out
AlfahaQ8.out
alfredovela.out
alianza_ed.out
AliMalki45.out
alkad37.out
AllHipHopModels.out
allsory_allhor.out
Almajlliss.out
almalqam.out
al_moohrah.out
alpiedeldeporte.out
alprdnzzz.out
alqassim_1.out
alrmoanci.out
al_tagreer.out
AlwatanSA.out
AmarnaMiller.out
AmazonHelp.out
amnediel.out
A_M_Perez.out
amthal_7ikam_kw.out
Amtrak.out
AnabellePync.out
Analitica.out
AnalLoverSlip.out
Analytics_Edge.out
ANASTASSIASFEIR.out
andesecuador.out
andrewschulz.out
Andy_Staples.out
AnimeVoice.out
annavetticad.out
AnnieSexxxTeen.out
Ano_sh2.out
AnthonyDiMoro.out
AntiTalibanISIS.out
anxietyhes.out
aozturk70.out
AP_Noticias.out
AppzThatRock.out
AquiTouro.out
Arabic_Group.out
ARASOSAR.out
ArgaamIM.out
AriesWeAre.out
arigameplays.out
ArizonaDOT.out
_ArriveAlive.out
arrombalizado.out
ArsenalNewsUK.out
ARTofWriting.out
AsburyParkPress.out
asiesmonterrey.out
AskLloydsBank.out
AssaadRazzouk.out
atchutneelam.out
atleticonews.out
ATodoMomento_.out
AutoExpress.out
automenfessrpw.out
AutoSportsArt.out
AwakenToGod.out
awryaditi.out
az_Out.out
azzifa55.out
B4Ann.out
Ba2Om.out
baaasssmmmaaa.out
BabbleEditors.out
babnet_Tunisie.out
baconbkk.out
BadTeddyBeer.out
BaeTisoy.out
BAHRAINDOCTOR.out
Balonazos.out
BangkokPostNews.out
bangtanitl.out
BarbaraDuke.out
BaronessDupont.out
BarracudaMama.out
bathartrajol.out
BawaHS.out
bbc606.out
BBCLeeds.out
BBCWales.out
BDnews.out
Bdoor_sss.out
BEASTSTORY.out
beautiigirls.out
BeAwesome_Laugh.out
Bella623.out
BELLALMAMIA.out
bendawla.out
BennyCapricorn.out
benzbara_.out
Bernice_Fischer.out
Berti_and_Ernie.out
BestGamezUp.out
Betfred.out
bettingpro.out
betway.out
bfmbusiness.out
bfraser747.out
BialCitou.out
biblegateway.out
BID_Idear.out
bieberdexter.out
BigAssAddicted.out
BigBootyItaly.out
BigFaceORG.out
BigHeadSports.out
BigOShow.out
bigthink.out
Bin_AlFaisal.out
binKhnin.out
BlackGirlNerds.out
BlackPpILaughs.out
BlackPplComedy.out
BlackstoneVG.out
blacq2.out
blicqer.out
blogdotorcedor.out
BlogsofWar.out
blrcitytraffic.out
BnFaiz10.out
BobBurg.out
BobGilbertDC.out
Body_Tattoos.out
BofA_Help.out
BOHALBADR.out
bollywood_life.out
Boobworld.out
bookrboss.out
BooksPromotion.out
booktweep.out
borsagundem.out
bpagricolas.out
bragmybook.out
brave_pr.out
breastlvr.out
BrianCraigShow.out
Britanniacomms.out
brittanyrennerr.out
BrookingsFP.out
BTCare.out
btool_2019.out
BUNKAISAN.out
BuzzFeedQuiz.out
caapulcukiz.out
CAinc.out
cainecagua.out
CamSodaLive.out
Cancer_F6.out
CANCHAELNORTE.out
CapsulaCinefila.out
CashNastyGaming.out
Cath_Kidston.out
caval100.out
CBS6.out
cbsbaltimore.out
CBSDenver.out
CBSNewYork.out
CBSPhilly.out
CBSSportsNBA.out
celebutardz.out
Cevann1.out
CHANBAEK_FAMILY.out
Channel955.out
CheapVacationss.out
Chobani.out
ChoosingBae.out
chorusfm.out
Chris_Branco.out
chronicleherald.out
ChuckNellis.out
chuksvila.out
CircuitoExitos.out
CitizenSlant.out
CITY1051.out
citypages.out
ciudad_segura.out
CloserOnline.out
ClubNecaxa.out
cmdotcom.out
CNNIndonesia.out
cnnphilippines.out
cnsnews.out
Coach0302.out
CoachCarson.out
codejobs.out
codieprevost.out
ColoradoDOT.out
ColorsTV.out
ColsUnderground.out
Colvinius.out
ComicBook.out
computerhoy.out
confesschelou.out
ControleDois.out
ConValores.out
coolfunnytshirt.out
CoolPetVideo.out
CooolStufff.out
copipe.out
coskununyeri.out
couriermail.out
courosa.out
Cr7Fran4ever.out
CrackerBarrel.out
Crazy_Golfer.out
CreepBJ.out
cricketnext.out
crowdclan.out
CrowdExposure.out
CTFletcherISYMF.out
CTVCalgary.out
ctvedmonton.out
CurvyLadyProbs.out
d3iaa.out
d7_ksa_.out
dailymuse.out
dalaaalmoufti.out
DarkAngel78178_.out
Dat_Saintsfan.out
daum70000.out
Dawn_Abraham.out
Dayafter2012.out
Db__40.out
dcexaminer.out
Deadspin.out
DeanAmbroseNet.out
DebesDeAdmitir.out
DeboAdmitirQ.out
DeboReconocerQ.out
Deema22.out
defencepk.out
DefinitelyaDbag.out
dejahofficial.out
derrickleander.out
destructoid.out
DetroitBORG.out
dewetria.out
DexertoIntel.out
DFinanciero.out
Dh_shiban.out
DiaaDiaPa.out
dianaguelec.out
DiarioContraste.out
dietaquemagrasa.out
digaoi.out
dilruba_lees.out
DilrubaLees.out
dinamalarweb.out
dincerguner.out
Divathebawse.out
DJ_BIGVIC.out
djlauralux.out
DMashak.out
DMForoUnivision.out
DMRegister.out
DMunicipality.out
DodgersNation.out
DomusWeb.out
DoooDyDA.out
dose.out
DownGoesBrown.out
DrAhmadAlbatli.out
DRALREFAE.out
dramatizaw.out
DREAM_F0LL0W.out
DrewsOfficiaI.out
Drwhamilton303.out
DZMMTeleRadyo.out
EAA_tw.out
Ebdaa3_7.out
edyong209.out
efkanbolac.out
el7mdlilah.out
elcomerciodigit.out
eldestapeweb.out
elmundopr.out
ElRecodoOficial.out
Elwatan_Sport.out
EMall_KSA.out
EmmaKennedy.out
EmprenderGM.out
EnferaadNews.out
ENTI5ABAT.out
entrenadorjose.out
EP_VEN_Noticias.out
ESPNBoston.out
Estadio_ED.out
EUDeportes.out
Europe1.out
evankirstel.out
everycolorbot.out
F1LatinAmerica.out
fa__7d.out
FCN2go.out
FeliciaCapcome.out
FGR_SV.out
F_M__1987.out
FMCENTER.out
Focaremudar.out
foochan0711.out
Foodable.out
for_u_angel.out
FOX40.out
fox7austin.out
frankevans111.out
FratHouseFilms.out
Funnny_Piccs.out
GamepIay.out
GanirePashayeva.out
Gefp_.out
ginestarros.out
gloucesterrugby.out
gmanetwork.out
Gnon_2.out
GoalcomNigeria.out
Goalna.out
gokhanhoglu.out
GoleadorFutbol.out
goodenough03.out
Grammarly.out
GrandesDevotion.out
GranHoroscopo.out
GregCapullo.out
GreggDoyelStar.out
GrowMap.out
gsmarena_com.out
Guayana286.out
GuysWithPride.out
Haberdar.out
hackaday.out
hadathkw.out
HahnAmerica.out
HaitiNewsNet.out
HalabTodayTV.out
haligonia.out
HaloBCA.out
hanennnnn1.out
HAPPYKIDNARRY.out
Harrys1DEmpire.out
Hary_Tanoe.out
hatebu.out
HawaiiNewsNow.out
HDhighresporn.out
HealingMB.out
HealthITNews.out
HealthRanger.out
HechosSMGomez.out
Hendd9.out
herdaily.out
Herdotie.out
HeyItsMartty.out
HeyTammyBruce.out
hiddenboston.out
hilal1019.out
HipHopWired.out
Historicalmages.out
historyinmoment.out
Hmooosh333.out
____ho3.out
Hobby_Consolas.out
HolyToriBlack.out
horoscopos2016.out
horseandhound.out
HotelsScanner.out
HottestHunnies.out
Hublife.out
HuffPoLifestyle.out
HuffPostIndia.out
HuffPostQuebec.out
hughhewitt.out
hughwizzy.out
HugotWords.out
i_62l.out
IAMATRK.out
iam_bett.out
IamJedalo.out
Iammoremylrds.out
iAmMuzicKing.out
iamTestedOkay.out
iamthemaven.out
iansuth.out
iArianaGrande4u.out
ibahzad.out
ibeebz2.out
ibieberjoker.out
iconnnz.out
IDMDistribution.out
i__gg.out
illuminaija_com.out
Illusion_pixs.out
iLoveMakonnen5D.out
I_luv_reds.out
__imamu.out
ImBossingVic.out
ImDylanKohl.out
imFindDory.out
Imported_Fun.out
IMS_NET.out
_Incredulas.out
India272.out
IndieAuthorNews.out
indignadosvene2.out
IndoKoreaRP.out
Infinite7Facts.out
InfobaeAmerica.out
infobencana.out
InfoLecturas.out
Information__1.out
Informe21.out
InfoSecHotSpot.out
InfoVzlaNet.out
Inkedmag.out
InSouthFlorida.out
Inter.out
InvictosSomos.out
iPhoneHackx.out
iRashedC.out
iRealMacklemore.out
iSelenaGornez.out
islamstory_ar.out
ismet_zeren.out
itm_nlab.out
IVIinions.out
ivr6661.out
iWantClips.out
iyad_elbaghdadi.out
izzynobre.out
J0MAEL.out
JaagAlerts.out
JakeOned.out
jalannet.out
JamieDornan_org.out
JAV2.out
Jawaher_ALsaif.out
JaylaStarr.out
JdeQuebec.out
JDHancock.out
jeremygutsche.out
JerkyXP.out
JessicaCameron_.out
Jilliemary.out
jimkoz69_jim.out
JimMWeber.out
jmartNYT.out
Jn9__.out
JNegocios.out
JoeNYLaw.out
jojomoyes.out
joOoOde150.out
KaixCam.out
kald7255.out
KameronBennett.out
KAMINDOZ.out
kawalpeet.out
K_DramaIndo.out
KellyClarkson4u.out
Kenyans.out
KhunPleum.out
kkl10905.out
koffboy.out
la7nhe.out
LacuadraU.out
lailatov777.out
LaJornada.out
LaRazon_mx.out
Las2Orillas.out
laubfal.out
launcastro.out
LaVeIaPuerca.out
ld_blogos.out
LDNLutonAirport.out
Lechuguinos_com.out
LecturaGM.out
LegZZ69.out
llll281.out
LMJupdates.out
LokiOficiaI.out
LovLikeJesus.out
lucyfact.out
lulu_petite.out
m0882353.out
madam_saraa.out
MADFhilosopher.out
MAHAMOSA.out
MaherMosly.out
MalloryOnTravel.out
MariaCeleste.out
marketingwizdom.out
mauroranallo.out
MeanStreetsOMA.out
MeIanieGarcia.out
meisyashop.out
MelihaUvercinka.out
mem24o.out
Mereiatable_soo.out
MiddleEastEye.out
migafalou.out
MiguelDelaney.out
Miguel.out
mkini_bm.out
mlo5oo.out
mlth_.out
mohsinmalvi19.out
mokoshla1818.out
MonicaA08781760.out
morandiniblog.out
mozdwj.out
MrScottEddy.out
mshari_99.out
Mundo24_ve.out
MundoMadridCF.out
myfox8.out
MyNameIsByf.out
MyVancouver.out
N14oud.out
nadir_511s.out
_Naf5.out
nakedmagic.out
Namorou.out
nascar_lens.out
NataliAVAZYAN.out
NationTV22.out
NatureNews.out
NaughtyBeyotch.out
NCT_TH.out
NewsOn6.out
NHK_PR.out
nigeriantribune.out
nintendolife.out
NoChilIVideos.out
nofa__36.out
nono2772.out
novedadesqroo.out
nsrr_9.out
NYWellnessGuide.out
o3ksa.out
OfficialASRoma.out
officialuwem.out
oin_rt.out
OMGStacks.out
OneKindesign.out
onemichile.out
OroNoticias.out
Pantherasss.out
parafspor.out
parischiquitoo.out
parlementkw.out
PassionFootClub.out
pdacosta.out
PepengPacool.out
Peru_Noticias.out
PHOENIXFMBALI.out
Piclogy.out
pintsandscrums.out
Piovegovernolad.out
planwac.out
PollaPrenadora.out
pooran775.out
popprintleeds.out
PornBabesStars2.out
postacomtr.out
postandcourier.out
PRDaily.out
princess3zf.out
PrincessFrance.out
Profeco.out
PTVph.out
Publicava.out
q8_news1.out
qwikad.out
r6rii_.out
Racing_UK.out
radioisla1320.out
radiotalentFM.out
rahOofe_500.out
Rapharl_musn.out
rcooley123.out
RealitySocial.out
RealLifeGlobal.out
REFLEXI0NES.out
ReflexivoEs.out
ReginaPucket.out
rere_505.out
retioDF.out
ReutersUS.out
ricky_alvarado_.out
RO07y.out
rozsshop88.out
rtss9658.out
RTT_7889.out
RTthaitrend.out
RulesBenitez.out
rwa8aan_4.out
Saad_1o1.out
sabor809.out
saeed80539468.out
saf9666.out
saffrontaylor.out
salembn99.out
Salud365.out
SamMobiles.out
SaudiED.out
saul42.out
scienmag.out
screenrant.out
ScufFrance.out
_sendes_.out
Sentletse.out
sex_filmsx2.out
shj___1.out
simplisticpro.out
siswett.out
SJBlahBlahBlog.out
SM00___.out
smisdynamite.out
SNEEKTWEETS.out
SocialInDC.out
SocialNPR.out
SocialPowerOne1.out
SOLELINKS.out
soymiltoner.out
SoyVnezolano.out
SporfsCentre.out
sportparadise.out
sputnik_ar.out
ss_ss11s.out
starswithnames.out
stupidDOPE.out
succestattoo.out
Sultan6677A.out
SuperDioses.out
supreme_boss01.out
Swagvill.out
sweden.out
swissbusiness.out
taj_alnisa.out
talkSPORT.out
Tammysdragonfly.out
TastingTable.out
tayyar_org.out
TBiz24.out
Telstra.out
ThaCornerShop.out
ThaiTopRT.out
The_News_DIVA.out
theQuietus.out
TheSocialQuant.out
TheSpec.out
TheTylt.out
TheWindsorStar.out
TheWorldGame.out
TheybelikeDar.out
ThisisiRadio.out
ToluLagos.out
tooty779_66.out
topstudentsect.out
Tor1i6.out
TotallyMUFC.out
tottenhamhotRR.out
ToyStoreDeal.out
trendinaliaMX.out
TrendsLima.out
tsbat_IT.out
tskthj.out
tubidy.out
TurkcellHizmet.out
twasulnews.out
TweetPrincipal.out
twitt_111.out
Twittematico.out
twt_kecantikan.out
ucas_online.out
UpdateJenner.out
USRealityCheck.out
valenciabasket.out
vansandgolf.out
venturists.out
ViralesPOP.out
vivaciousStar2.out
W_Angels_Wings.out
watan_usa.out
wdsu.out
WFMY.out
WGAL.out
whatsappsbr.out
whiotv.out
wis10.out
WLBT.out
WLWT.out
WMUR9.out
WNYT.out
WOODTV.out
WorldNotes1D.out
wsfa12news.out
wusa9.out
WWEXStream.out
wyffnews4.out
Xbox.out
___xM_G_W_Vx___.out
_XS_2.out
YesIamSaffron.out
yourateporn.out
YourNewBooks.out
z3eemh_ana.out
zero20122012.out
ZSCoban.out
